{"/home/travis/build/npmtest/node-npmtest-axios/test.js":{"path":"/home/travis/build/npmtest/node-npmtest-axios/test.js","s":{"1":2,"2":2,"3":2,"4":2,"5":2,"6":2,"7":2,"8":1,"9":2,"10":2,"11":1,"12":1,"13":1,"14":1,"15":2,"16":2,"17":2,"18":2,"19":1,"20":1,"21":2,"22":2,"23":2,"24":1,"25":1,"26":1,"27":1,"28":1,"29":1,"30":1,"31":1,"32":1,"33":1,"34":1,"35":1,"36":1,"37":1,"38":1,"39":2,"40":2,"41":1,"42":2,"43":2,"44":1,"45":2,"46":2,"47":1,"48":2,"49":2,"50":1,"51":1,"52":1,"53":1,"54":1},"b":{"1":[2,1,1,1],"2":[1,1,1,1],"3":[1,1],"4":[1,1],"5":[1,1],"6":[1,1],"7":[1,1],"8":[1,1],"9":[1,1],"10":[1,1,1],"11":[1,1],"12":[1,1],"13":[1,1],"14":[1,1],"15":[1,1],"16":[1,1],"17":[1,1]},"f":{"1":2,"2":2,"3":2,"4":2,"5":2,"6":1,"7":1,"8":1,"9":2,"10":2,"11":2,"12":2,"13":1},"fnMap":{"1":{"name":"(anonymous_1)","line":12,"loc":{"start":{"line":12,"column":1},"end":{"line":12,"column":13}}},"2":{"name":"(anonymous_2)","line":19,"loc":{"start":{"line":19,"column":5},"end":{"line":19,"column":17}}},"3":{"name":"(anonymous_3)","line":23,"loc":{"start":{"line":23,"column":24},"end":{"line":23,"column":36}}},"4":{"name":"(anonymous_4)","line":61,"loc":{"start":{"line":61,"column":5},"end":{"line":61,"column":17}}},"5":{"name":"(anonymous_5)","line":82,"loc":{"start":{"line":82,"column":5},"end":{"line":82,"column":17}}},"6":{"name":"(anonymous_6)","line":91,"loc":{"start":{"line":91,"column":77},"end":{"line":94,"column":10}}},"7":{"name":"(anonymous_7)","line":112,"loc":{"start":{"line":112,"column":83},"end":{"line":115,"column":10}},"skip":true},"8":{"name":"(anonymous_8)","line":123,"loc":{"start":{"line":123,"column":77},"end":{"line":126,"column":10}},"skip":true},"9":{"name":"(anonymous_9)","line":139,"loc":{"start":{"line":139,"column":12},"end":{"line":139,"column":40}},"skip":true},"10":{"name":"(anonymous_10)","line":147,"loc":{"start":{"line":147,"column":77},"end":{"line":150,"column":10}},"skip":true},"11":{"name":"(anonymous_11)","line":158,"loc":{"start":{"line":158,"column":83},"end":{"line":161,"column":10}},"skip":true},"12":{"name":"(anonymous_12)","line":169,"loc":{"start":{"line":169,"column":79},"end":{"line":172,"column":10}},"skip":true},"13":{"name":"(anonymous_13)","line":180,"loc":{"start":{"line":180,"column":75},"end":{"line":183,"column":10}},"skip":true}},"statementMap":{"1":{"start":{"line":12,"column":0},"end":{"line":195,"column":5}},"2":{"start":{"line":14,"column":4},"end":{"line":14,"column":14}},"3":{"start":{"line":19,"column":4},"end":{"line":56,"column":9}},"4":{"start":{"line":21,"column":8},"end":{"line":21,"column":19}},"5":{"start":{"line":23,"column":8},"end":{"line":35,"column":13}},"6":{"start":{"line":24,"column":12},"end":{"line":34,"column":13}},"7":{"start":{"line":25,"column":16},"end":{"line":28,"column":30}},"8":{"start":{"line":30,"column":16},"end":{"line":33,"column":27}},"9":{"start":{"line":37,"column":8},"end":{"line":39,"column":21}},"10":{"start":{"line":40,"column":8},"end":{"line":53,"column":9}},"11":{"start":{"line":43,"column":12},"end":{"line":46,"column":14}},"12":{"start":{"line":47,"column":12},"end":{"line":47,"column":18}},"13":{"start":{"line":50,"column":12},"end":{"line":51,"column":46}},"14":{"start":{"line":52,"column":12},"end":{"line":52,"column":18}},"15":{"start":{"line":55,"column":8},"end":{"line":55,"column":35}},"16":{"start":{"line":61,"column":4},"end":{"line":63,"column":9}},"17":{"start":{"line":62,"column":8},"end":{"line":62,"column":15}},"18":{"start":{"line":64,"column":4},"end":{"line":77,"column":5}},"19":{"start":{"line":70,"column":8},"end":{"line":70,"column":14}},"20":{"start":{"line":76,"column":8},"end":{"line":76,"column":14}},"21":{"start":{"line":82,"column":4},"end":{"line":84,"column":9}},"22":{"start":{"line":83,"column":8},"end":{"line":83,"column":15}},"23":{"start":{"line":85,"column":4},"end":{"line":194,"column":5}},"24":{"start":{"line":91,"column":8},"end":{"line":99,"column":10}},"25":{"start":{"line":98,"column":12},"end":{"line":98,"column":35}},"26":{"start":{"line":102,"column":8},"end":{"line":104,"column":63}},"27":{"start":{"line":105,"column":8},"end":{"line":105,"column":14}},"28":{"start":{"line":112,"column":8},"end":{"line":121,"column":10},"skip":true},"29":{"start":{"line":119,"column":12},"end":{"line":119,"column":55},"skip":true},"30":{"start":{"line":120,"column":12},"end":{"line":120,"column":48},"skip":true},"31":{"start":{"line":123,"column":8},"end":{"line":136,"column":10},"skip":true},"32":{"start":{"line":130,"column":12},"end":{"line":130,"column":76},"skip":true},"33":{"start":{"line":131,"column":12},"end":{"line":131,"column":73},"skip":true},"34":{"start":{"line":132,"column":12},"end":{"line":132,"column":74},"skip":true},"35":{"start":{"line":133,"column":12},"end":{"line":133,"column":79},"skip":true},"36":{"start":{"line":134,"column":12},"end":{"line":134,"column":25},"skip":true},"37":{"start":{"line":135,"column":12},"end":{"line":135,"column":45},"skip":true},"38":{"start":{"line":138,"column":8},"end":{"line":145,"column":14},"skip":true},"39":{"start":{"line":143,"column":16},"end":{"line":143,"column":29},"skip":true},"40":{"start":{"line":144,"column":16},"end":{"line":144,"column":55},"skip":true},"41":{"start":{"line":147,"column":8},"end":{"line":156,"column":10},"skip":true},"42":{"start":{"line":154,"column":12},"end":{"line":154,"column":25},"skip":true},"43":{"start":{"line":155,"column":12},"end":{"line":155,"column":45},"skip":true},"44":{"start":{"line":158,"column":8},"end":{"line":167,"column":10},"skip":true},"45":{"start":{"line":165,"column":12},"end":{"line":165,"column":25},"skip":true},"46":{"start":{"line":166,"column":12},"end":{"line":166,"column":48},"skip":true},"47":{"start":{"line":169,"column":8},"end":{"line":178,"column":10},"skip":true},"48":{"start":{"line":176,"column":12},"end":{"line":176,"column":25},"skip":true},"49":{"start":{"line":177,"column":12},"end":{"line":177,"column":46},"skip":true},"50":{"start":{"line":180,"column":8},"end":{"line":189,"column":10},"skip":true},"51":{"start":{"line":187,"column":12},"end":{"line":187,"column":94},"skip":true},"52":{"start":{"line":188,"column":12},"end":{"line":188,"column":48},"skip":true},"53":{"start":{"line":192,"column":8},"end":{"line":192,"column":35},"skip":true},"54":{"start":{"line":193,"column":8},"end":{"line":193,"column":14},"skip":true}},"branchMap":{"1":{"line":25,"type":"binary-expr","locations":[{"start":{"line":25,"column":23},"end":{"line":25,"column":62}},{"start":{"line":26,"column":20},"end":{"line":26,"column":70}},{"start":{"line":27,"column":20},"end":{"line":27,"column":71}},{"start":{"line":28,"column":20},"end":{"line":28,"column":29}}]},"2":{"line":30,"type":"binary-expr","locations":[{"start":{"line":30,"column":23},"end":{"line":30,"column":37}},{"start":{"line":31,"column":20},"end":{"line":31,"column":61}},{"start":{"line":32,"column":20},"end":{"line":32,"column":70}},{"start":{"line":33,"column":20},"end":{"line":33,"column":26}}]},"3":{"line":37,"type":"cond-expr","locations":[{"start":{"line":38,"column":14},"end":{"line":38,"column":20}},{"start":{"line":39,"column":14},"end":{"line":39,"column":20}}]},"4":{"line":40,"type":"switch","locations":[{"start":{"line":42,"column":8},"end":{"line":47,"column":18}},{"start":{"line":49,"column":8},"end":{"line":52,"column":18}}]},"5":{"line":44,"type":"binary-expr","locations":[{"start":{"line":44,"column":16},"end":{"line":44,"column":44}},{"start":{"line":44,"column":48},"end":{"line":44,"column":66}}]},"6":{"line":50,"type":"binary-expr","locations":[{"start":{"line":50,"column":21},"end":{"line":50,"column":49}},{"start":{"line":50,"column":53},"end":{"line":50,"column":72}}]},"7":{"line":64,"type":"switch","locations":[{"start":{"line":69,"column":4},"end":{"line":70,"column":14}},{"start":{"line":75,"column":4},"end":{"line":76,"column":14}}]},"8":{"line":85,"type":"switch","locations":[{"start":{"line":90,"column":4},"end":{"line":105,"column":14}},{"start":{"line":111,"column":4},"end":{"line":193,"column":14},"skip":true}]},"9":{"line":91,"type":"binary-expr","locations":[{"start":{"line":91,"column":42},"end":{"line":91,"column":73}},{"start":{"line":91,"column":77},"end":{"line":99,"column":9}}]},"10":{"line":102,"type":"binary-expr","locations":[{"start":{"line":102,"column":18},"end":{"line":102,"column":32}},{"start":{"line":103,"column":12},"end":{"line":103,"column":53}},{"start":{"line":104,"column":12},"end":{"line":104,"column":61}}]},"11":{"line":112,"type":"binary-expr","locations":[{"start":{"line":112,"column":45},"end":{"line":112,"column":79},"skip":true},{"start":{"line":112,"column":83},"end":{"line":121,"column":9},"skip":true}]},"12":{"line":123,"type":"binary-expr","locations":[{"start":{"line":123,"column":42},"end":{"line":123,"column":73},"skip":true},{"start":{"line":123,"column":77},"end":{"line":136,"column":9},"skip":true}]},"13":{"line":138,"type":"binary-expr","locations":[{"start":{"line":138,"column":48},"end":{"line":138,"column":85},"skip":true},{"start":{"line":139,"column":12},"end":{"line":145,"column":13},"skip":true}]},"14":{"line":147,"type":"binary-expr","locations":[{"start":{"line":147,"column":42},"end":{"line":147,"column":73},"skip":true},{"start":{"line":147,"column":77},"end":{"line":156,"column":9},"skip":true}]},"15":{"line":158,"type":"binary-expr","locations":[{"start":{"line":158,"column":45},"end":{"line":158,"column":79},"skip":true},{"start":{"line":158,"column":83},"end":{"line":167,"column":9},"skip":true}]},"16":{"line":169,"type":"binary-expr","locations":[{"start":{"line":169,"column":43},"end":{"line":169,"column":75},"skip":true},{"start":{"line":169,"column":79},"end":{"line":178,"column":9},"skip":true}]},"17":{"line":180,"type":"binary-expr","locations":[{"start":{"line":180,"column":41},"end":{"line":180,"column":71},"skip":true},{"start":{"line":180,"column":75},"end":{"line":189,"column":9},"skip":true}]}},"code":["/* istanbul instrument in package npmtest_axios */","/*jslint","    bitwise: true,","    browser: true,","    maxerr: 8,","    maxlen: 96,","    node: true,","    nomen: true,","    regexp: true,","    stupid: true","*/","(function () {","    'use strict';","    var local;","","","","    // run shared js-env code - pre-init","    (function () {","        // init local","        local = {};","        // init modeJs","        local.modeJs = (function () {","            try {","                return typeof navigator.userAgent === 'string' &&","                    typeof document.querySelector('body') === 'object' &&","                    typeof XMLHttpRequest.prototype.open === 'function' &&","                    'browser';","            } catch (errorCaughtBrowser) {","                return module.exports &&","                    typeof process.versions.node === 'string' &&","                    typeof require('http').createServer === 'function' &&","                    'node';","            }","        }());","        // init global","        local.global = local.modeJs === 'browser'","            ? window","            : global;","        switch (local.modeJs) {","        // re-init local from window.local","        case 'browser':","            local = local.global.utility2.objectSetDefault(","                local.global.utility2_rollup || local.global.local,","                local.global.utility2","            );","            break;","        // re-init local from example.js","        case 'node':","            local = (local.global.utility2_rollup || require('utility2'))","                .requireExampleJsFromReadme();","            break;","        }","        // export local","        local.global.local = local;","    }());","","","","    // run shared js-env code - function","    (function () {","        return;","    }());","    switch (local.modeJs) {","","","","    // run browser js-env code - function","    case 'browser':","        break;","","","","    // run node js-env code - function","    case 'node':","        break;","    }","","","","    // run shared js-env code - post-init","    (function () {","        return;","    }());","    switch (local.modeJs) {","","","","    // run browser js-env code - post-init","    case 'browser':","        local.testCase_browser_nullCase = local.testCase_browser_nullCase || function (","            options,","            onError","        ) {","        /*","         * this function will test browsers's null-case handling-behavior-behavior","         */","            onError(null, options);","        };","","        // run tests","        local.nop(local.modeTest &&","            document.querySelector('#testRunButton1') &&","            document.querySelector('#testRunButton1').click());","        break;","","","","    // run node js-env code - post-init","    /* istanbul ignore next */","    case 'node':","        local.testCase_buildApidoc_default = local.testCase_buildApidoc_default || function (","            options,","            onError","        ) {","        /*","         * this function will test buildApidoc's default handling-behavior-behavior","         */","            options = { modulePathList: module.paths };","            local.buildApidoc(options, onError);","        };","","        local.testCase_buildApp_default = local.testCase_buildApp_default || function (","            options,","            onError","        ) {","        /*","         * this function will test buildApp's default handling-behavior-behavior","         */","            local.testCase_buildReadme_default(options, local.onErrorThrow);","            local.testCase_buildLib_default(options, local.onErrorThrow);","            local.testCase_buildTest_default(options, local.onErrorThrow);","            local.testCase_buildCustomOrg_default(options, local.onErrorThrow);","            options = [];","            local.buildApp(options, onError);","        };","","        local.testCase_buildCustomOrg_default = local.testCase_buildCustomOrg_default ||","            function (options, onError) {","            /*","             * this function will test buildCustomOrg's default handling-behavior","             */","                options = {};","                local.buildCustomOrg(options, onError);","            };","","        local.testCase_buildLib_default = local.testCase_buildLib_default || function (","            options,","            onError","        ) {","        /*","         * this function will test buildLib's default handling-behavior","         */","            options = {};","            local.buildLib(options, onError);","        };","","        local.testCase_buildReadme_default = local.testCase_buildReadme_default || function (","            options,","            onError","        ) {","        /*","         * this function will test buildReadme's default handling-behavior-behavior","         */","            options = {};","            local.buildReadme(options, onError);","        };","","        local.testCase_buildTest_default = local.testCase_buildTest_default || function (","            options,","            onError","        ) {","        /*","         * this function will test buildTest's default handling-behavior","         */","            options = {};","            local.buildTest(options, onError);","        };","","        local.testCase_webpage_default = local.testCase_webpage_default || function (","            options,","            onError","        ) {","        /*","         * this function will test webpage's default handling-behavior","         */","            options = { modeCoverageMerge: true, url: local.serverLocalHost + '?modeTest=1' };","            local.browserTest(options, onError);","        };","","        // run test-server","        local.testRunServer(local);","        break;","    }","}());",""],"l":{"12":2,"14":2,"19":2,"21":2,"23":2,"24":2,"25":2,"30":1,"37":2,"40":2,"43":1,"47":1,"50":1,"52":1,"55":2,"61":2,"62":2,"64":2,"70":1,"76":1,"82":2,"83":2,"85":2,"91":1,"98":1,"102":1,"105":1,"112":1,"119":1,"120":1,"123":1,"130":1,"131":1,"132":1,"133":1,"134":1,"135":1,"138":1,"143":2,"144":2,"147":1,"154":2,"155":2,"158":1,"165":2,"166":2,"169":1,"176":2,"177":2,"180":1,"187":1,"188":1,"192":1,"193":1}},"/home/travis/build/npmtest/node-npmtest-axios/lib.npmtest_axios.js":{"path":"/home/travis/build/npmtest/node-npmtest-axios/lib.npmtest_axios.js","s":{"1":2,"2":2,"3":2,"4":2,"5":2,"6":2,"7":2,"8":1,"9":2,"10":2,"11":2,"12":2,"13":1,"14":1,"15":1,"16":1},"b":{"1":[2,1,1,1],"2":[1,1,1,1],"3":[1,1],"4":[2,2],"5":[1,1]},"f":{"1":2,"2":2,"3":2},"fnMap":{"1":{"name":"(anonymous_1)","line":12,"loc":{"start":{"line":12,"column":1},"end":{"line":12,"column":13}}},"2":{"name":"(anonymous_2)","line":19,"loc":{"start":{"line":19,"column":5},"end":{"line":19,"column":17}}},"3":{"name":"(anonymous_3)","line":23,"loc":{"start":{"line":23,"column":24},"end":{"line":23,"column":36}}}},"statementMap":{"1":{"start":{"line":12,"column":0},"end":{"line":53,"column":5}},"2":{"start":{"line":14,"column":4},"end":{"line":14,"column":14}},"3":{"start":{"line":19,"column":4},"end":{"line":52,"column":9}},"4":{"start":{"line":21,"column":8},"end":{"line":21,"column":19}},"5":{"start":{"line":23,"column":8},"end":{"line":35,"column":13}},"6":{"start":{"line":24,"column":12},"end":{"line":34,"column":13}},"7":{"start":{"line":25,"column":16},"end":{"line":28,"column":30}},"8":{"start":{"line":30,"column":16},"end":{"line":33,"column":27}},"9":{"start":{"line":37,"column":8},"end":{"line":39,"column":21}},"10":{"start":{"line":41,"column":8},"end":{"line":41,"column":54}},"11":{"start":{"line":43,"column":8},"end":{"line":43,"column":50}},"12":{"start":{"line":45,"column":8},"end":{"line":51,"column":9}},"13":{"start":{"line":46,"column":12},"end":{"line":46,"column":56}},"14":{"start":{"line":48,"column":12},"end":{"line":48,"column":35}},"15":{"start":{"line":49,"column":12},"end":{"line":49,"column":49}},"16":{"start":{"line":50,"column":12},"end":{"line":50,"column":43}}},"branchMap":{"1":{"line":25,"type":"binary-expr","locations":[{"start":{"line":25,"column":23},"end":{"line":25,"column":62}},{"start":{"line":26,"column":20},"end":{"line":26,"column":70}},{"start":{"line":27,"column":20},"end":{"line":27,"column":71}},{"start":{"line":28,"column":20},"end":{"line":28,"column":29}}]},"2":{"line":30,"type":"binary-expr","locations":[{"start":{"line":30,"column":23},"end":{"line":30,"column":37}},{"start":{"line":31,"column":20},"end":{"line":31,"column":61}},{"start":{"line":32,"column":20},"end":{"line":32,"column":70}},{"start":{"line":33,"column":20},"end":{"line":33,"column":26}}]},"3":{"line":37,"type":"cond-expr","locations":[{"start":{"line":38,"column":14},"end":{"line":38,"column":20}},{"start":{"line":39,"column":14},"end":{"line":39,"column":20}}]},"4":{"line":41,"type":"binary-expr","locations":[{"start":{"line":41,"column":16},"end":{"line":41,"column":44}},{"start":{"line":41,"column":48},"end":{"line":41,"column":53}}]},"5":{"line":45,"type":"if","locations":[{"start":{"line":45,"column":8},"end":{"line":45,"column":8}},{"start":{"line":45,"column":8},"end":{"line":45,"column":8}}]}},"code":["/* istanbul instrument in package npmtest_axios */","/*jslint","    bitwise: true,","    browser: true,","    maxerr: 8,","    maxlen: 96,","    node: true,","    nomen: true,","    regexp: true,","    stupid: true","*/","(function () {","    'use strict';","    var local;","","","","    // run shared js-env code - pre-init","    (function () {","        // init local","        local = {};","        // init modeJs","        local.modeJs = (function () {","            try {","                return typeof navigator.userAgent === 'string' &&","                    typeof document.querySelector('body') === 'object' &&","                    typeof XMLHttpRequest.prototype.open === 'function' &&","                    'browser';","            } catch (errorCaughtBrowser) {","                return module.exports &&","                    typeof process.versions.node === 'string' &&","                    typeof require('http').createServer === 'function' &&","                    'node';","            }","        }());","        // init global","        local.global = local.modeJs === 'browser'","            ? window","            : global;","        // init utility2_rollup","        local = local.global.utility2_rollup || local;","        // init lib","        local.local = local.npmtest_axios = local;","        // init exports","        if (local.modeJs === 'browser') {","            local.global.utility2_npmtest_axios = local;","        } else {","            module.exports = local;","            module.exports.__dirname = __dirname;","            module.exports.module = module;","        }","    }());","}());",""],"l":{"12":2,"14":2,"19":2,"21":2,"23":2,"24":2,"25":2,"30":1,"37":2,"41":2,"43":2,"45":2,"46":1,"48":1,"49":1,"50":1}},"/home/travis/build/npmtest/node-npmtest-axios/example.js":{"path":"/home/travis/build/npmtest/node-npmtest-axios/example.js","s":{"1":2,"2":2,"3":2,"4":2,"5":2,"6":2,"7":2,"8":1,"9":2,"10":2,"11":2,"12":2,"13":1,"14":2,"15":2,"16":2,"17":2,"18":2,"19":0,"20":2,"21":1,"22":1,"23":1,"24":1,"25":1,"26":0,"27":0,"28":1,"29":1,"30":2,"31":0,"32":0,"33":0,"34":1,"35":2,"36":2,"37":3,"38":3,"39":3,"40":3,"41":0,"42":3,"43":3,"44":3,"45":1,"46":3,"47":1,"48":1,"49":1,"50":1,"51":1,"52":1,"53":1,"54":1,"55":1,"56":1,"57":0,"58":1,"59":6,"60":6,"61":1,"62":2,"63":0,"64":2,"65":1,"66":1,"67":0,"68":0,"69":0,"70":0,"71":0,"72":0,"73":0,"74":0,"75":0,"76":0,"77":0,"78":0,"79":0,"80":0,"81":0,"82":0,"83":0},"b":{"1":[2,1,1,1],"2":[1,1,1,1],"3":[1,1],"4":[2,2],"5":[1,1],"6":[1,1],"7":[2,0],"8":[2,1,1,1,1,1],"9":[0,2,0],"10":[1,1],"11":[2,1,1],"12":[1,0],"13":[0,2],"14":[2,0,0,0,0,0,0],"15":[0,3],"16":[3,0],"17":[1,1],"18":[0,1],"19":[1,2,0,2],"20":[1,0],"21":[1,1],"22":[0,0],"23":[0,0],"24":[0,0],"25":[0,0],"26":[0,0],"27":[0,0],"28":[0,0]},"f":{"1":2,"2":2,"3":2,"4":2,"5":2,"6":2,"7":3,"8":3,"9":3,"10":1,"11":6,"12":0},"fnMap":{"1":{"name":"(anonymous_1)","line":26,"loc":{"start":{"line":26,"column":1},"end":{"line":26,"column":13}}},"2":{"name":"(anonymous_2)","line":33,"loc":{"start":{"line":33,"column":5},"end":{"line":33,"column":17}}},"3":{"name":"(anonymous_3)","line":37,"loc":{"start":{"line":37,"column":24},"end":{"line":37,"column":36}}},"4":{"name":"(anonymous_4)","line":69,"loc":{"start":{"line":69,"column":31},"end":{"line":69,"column":48}},"skip":true},"5":{"name":"(anonymous_5)","line":78,"loc":{"start":{"line":78,"column":26},"end":{"line":78,"column":45}},"skip":true},"6":{"name":"(anonymous_6)","line":123,"loc":{"start":{"line":123,"column":33},"end":{"line":123,"column":48}},"skip":true},"7":{"name":"(anonymous_7)","line":125,"loc":{"start":{"line":125,"column":27},"end":{"line":125,"column":39}},"skip":true},"8":{"name":"(anonymous_8)","line":133,"loc":{"start":{"line":133,"column":59},"end":{"line":133,"column":74}},"skip":true},"9":{"name":"(anonymous_9)","line":143,"loc":{"start":{"line":143,"column":45},"end":{"line":143,"column":62}},"skip":true},"10":{"name":"(anonymous_10)","line":144,"loc":{"start":{"line":144,"column":73},"end":{"line":144,"column":92}},"skip":true},"11":{"name":"(anonymous_11)","line":272,"loc":{"start":{"line":272,"column":51},"end":{"line":272,"column":77}},"skip":true},"12":{"name":"(anonymous_12)","line":315,"loc":{"start":{"line":315,"column":32},"end":{"line":315,"column":61}},"skip":true}},"statementMap":{"1":{"start":{"line":26,"column":0},"end":{"line":326,"column":5}},"2":{"start":{"line":28,"column":4},"end":{"line":28,"column":14}},"3":{"start":{"line":33,"column":4},"end":{"line":60,"column":9}},"4":{"start":{"line":35,"column":8},"end":{"line":35,"column":19}},"5":{"start":{"line":37,"column":8},"end":{"line":49,"column":13}},"6":{"start":{"line":38,"column":12},"end":{"line":48,"column":13}},"7":{"start":{"line":39,"column":16},"end":{"line":42,"column":30}},"8":{"start":{"line":44,"column":16},"end":{"line":47,"column":27}},"9":{"start":{"line":51,"column":8},"end":{"line":53,"column":21}},"10":{"start":{"line":55,"column":8},"end":{"line":57,"column":45}},"11":{"start":{"line":59,"column":8},"end":{"line":59,"column":35}},"12":{"start":{"line":61,"column":4},"end":{"line":325,"column":5}},"13":{"start":{"line":69,"column":8},"end":{"line":121,"column":10},"skip":true},"14":{"start":{"line":70,"column":12},"end":{"line":88,"column":13},"skip":true},"15":{"start":{"line":76,"column":16},"end":{"line":87,"column":19},"skip":true},"16":{"start":{"line":79,"column":20},"end":{"line":86,"column":21},"skip":true},"17":{"start":{"line":82,"column":24},"end":{"line":82,"column":43},"skip":true},"18":{"start":{"line":83,"column":24},"end":{"line":83,"column":30},"skip":true},"19":{"start":{"line":85,"column":24},"end":{"line":85,"column":49},"skip":true},"20":{"start":{"line":89,"column":12},"end":{"line":107,"column":13},"skip":true},"21":{"start":{"line":92,"column":16},"end":{"line":102,"column":17},"skip":true},"22":{"start":{"line":93,"column":20},"end":{"line":93,"column":86},"skip":true},"23":{"start":{"line":94,"column":20},"end":{"line":95,"column":45},"skip":true},"24":{"start":{"line":96,"column":20},"end":{"line":96,"column":42},"skip":true},"25":{"start":{"line":97,"column":20},"end":{"line":97,"column":48},"skip":true},"26":{"start":{"line":100,"column":20},"end":{"line":100,"column":85},"skip":true},"27":{"start":{"line":101,"column":20},"end":{"line":101,"column":96},"skip":true},"28":{"start":{"line":103,"column":16},"end":{"line":103,"column":22},"skip":true},"29":{"start":{"line":106,"column":16},"end":{"line":106,"column":22},"skip":true},"30":{"start":{"line":108,"column":12},"end":{"line":120,"column":13},"skip":true},"31":{"start":{"line":114,"column":16},"end":{"line":119,"column":17},"skip":true},"32":{"start":{"line":116,"column":20},"end":{"line":116,"column":78},"skip":true},"33":{"start":{"line":118,"column":20},"end":{"line":118,"column":47},"skip":true},"34":{"start":{"line":123,"column":8},"end":{"line":141,"column":11},"skip":true},"35":{"start":{"line":124,"column":12},"end":{"line":124,"column":54},"skip":true},"36":{"start":{"line":125,"column":12},"end":{"line":140,"column":14},"skip":true},"37":{"start":{"line":126,"column":16},"end":{"line":126,"column":28},"skip":true},"38":{"start":{"line":127,"column":16},"end":{"line":127,"column":69},"skip":true},"39":{"start":{"line":128,"column":16},"end":{"line":128,"column":75},"skip":true},"40":{"start":{"line":129,"column":16},"end":{"line":131,"column":17},"skip":true},"41":{"start":{"line":130,"column":20},"end":{"line":130,"column":27},"skip":true},"42":{"start":{"line":133,"column":16},"end":{"line":137,"column":36},"skip":true},"43":{"start":{"line":134,"column":20},"end":{"line":136,"column":55},"skip":true},"44":{"start":{"line":139,"column":16},"end":{"line":139,"column":57},"skip":true},"45":{"start":{"line":143,"column":8},"end":{"line":147,"column":11},"skip":true},"46":{"start":{"line":144,"column":12},"end":{"line":146,"column":15},"skip":true},"47":{"start":{"line":145,"column":16},"end":{"line":145,"column":70},"skip":true},"48":{"start":{"line":149,"column":8},"end":{"line":149,"column":31},"skip":true},"49":{"start":{"line":150,"column":8},"end":{"line":150,"column":14},"skip":true},"50":{"start":{"line":158,"column":8},"end":{"line":158,"column":31},"skip":true},"51":{"start":{"line":160,"column":8},"end":{"line":160,"column":33},"skip":true},"52":{"start":{"line":161,"column":8},"end":{"line":161,"column":37},"skip":true},"53":{"start":{"line":162,"column":8},"end":{"line":162,"column":35},"skip":true},"54":{"start":{"line":164,"column":8},"end":{"line":164,"column":50},"skip":true},"55":{"start":{"line":166,"column":8},"end":{"line":256,"column":2},"skip":true},"56":{"start":{"line":258,"column":8},"end":{"line":286,"column":9},"skip":true},"57":{"start":{"line":259,"column":12},"end":{"line":269,"column":14},"skip":true},"58":{"start":{"line":271,"column":12},"end":{"line":285,"column":19},"skip":true},"59":{"start":{"line":274,"column":20},"end":{"line":274,"column":35},"skip":true},"60":{"start":{"line":275,"column":20},"end":{"line":284,"column":21},"skip":true},"61":{"start":{"line":277,"column":24},"end":{"line":277,"column":64},"skip":true},"62":{"start":{"line":279,"column":24},"end":{"line":279,"column":40},"skip":true},"63":{"start":{"line":281,"column":24},"end":{"line":281,"column":40},"skip":true},"64":{"start":{"line":283,"column":24},"end":{"line":283,"column":39},"skip":true},"65":{"start":{"line":288,"column":8},"end":{"line":290,"column":9},"skip":true},"66":{"start":{"line":289,"column":12},"end":{"line":289,"column":18},"skip":true},"67":{"start":{"line":291,"column":8},"end":{"line":293,"column":54},"skip":true},"68":{"start":{"line":296,"column":8},"end":{"line":301,"column":37},"skip":true},"69":{"start":{"line":303,"column":8},"end":{"line":303,"column":82},"skip":true},"70":{"start":{"line":306,"column":8},"end":{"line":308,"column":9},"skip":true},"71":{"start":{"line":307,"column":12},"end":{"line":307,"column":82},"skip":true},"72":{"start":{"line":310,"column":8},"end":{"line":312,"column":9},"skip":true},"73":{"start":{"line":311,"column":12},"end":{"line":311,"column":18},"skip":true},"74":{"start":{"line":313,"column":8},"end":{"line":313,"column":54},"skip":true},"75":{"start":{"line":314,"column":8},"end":{"line":314,"column":69},"skip":true},"76":{"start":{"line":315,"column":8},"end":{"line":323,"column":36},"skip":true},"77":{"start":{"line":316,"column":12},"end":{"line":316,"column":61},"skip":true},"78":{"start":{"line":317,"column":12},"end":{"line":320,"column":13},"skip":true},"79":{"start":{"line":318,"column":16},"end":{"line":318,"column":75},"skip":true},"80":{"start":{"line":319,"column":16},"end":{"line":319,"column":23},"skip":true},"81":{"start":{"line":321,"column":12},"end":{"line":321,"column":38},"skip":true},"82":{"start":{"line":322,"column":12},"end":{"line":322,"column":27},"skip":true},"83":{"start":{"line":324,"column":8},"end":{"line":324,"column":14},"skip":true}},"branchMap":{"1":{"line":39,"type":"binary-expr","locations":[{"start":{"line":39,"column":23},"end":{"line":39,"column":62}},{"start":{"line":40,"column":20},"end":{"line":40,"column":70}},{"start":{"line":41,"column":20},"end":{"line":41,"column":71}},{"start":{"line":42,"column":20},"end":{"line":42,"column":29}}]},"2":{"line":44,"type":"binary-expr","locations":[{"start":{"line":44,"column":23},"end":{"line":44,"column":37}},{"start":{"line":45,"column":20},"end":{"line":45,"column":61}},{"start":{"line":46,"column":20},"end":{"line":46,"column":70}},{"start":{"line":47,"column":20},"end":{"line":47,"column":26}}]},"3":{"line":51,"type":"cond-expr","locations":[{"start":{"line":52,"column":14},"end":{"line":52,"column":20}},{"start":{"line":53,"column":14},"end":{"line":53,"column":20}}]},"4":{"line":55,"type":"binary-expr","locations":[{"start":{"line":55,"column":16},"end":{"line":55,"column":44}},{"start":{"line":55,"column":49},"end":{"line":57,"column":43}}]},"5":{"line":55,"type":"cond-expr","locations":[{"start":{"line":56,"column":14},"end":{"line":56,"column":49}},{"start":{"line":57,"column":14},"end":{"line":57,"column":43}}]},"6":{"line":61,"type":"switch","locations":[{"start":{"line":68,"column":4},"end":{"line":150,"column":14},"skip":true},{"start":{"line":156,"column":4},"end":{"line":324,"column":14},"skip":true}]},"7":{"line":70,"type":"if","locations":[{"start":{"line":70,"column":12},"end":{"line":70,"column":12},"skip":true},{"start":{"line":70,"column":12},"end":{"line":70,"column":12},"skip":true}]},"8":{"line":70,"type":"binary-expr","locations":[{"start":{"line":70,"column":16},"end":{"line":70,"column":22},"skip":true},{"start":{"line":70,"column":27},"end":{"line":70,"column":32},"skip":true},{"start":{"line":71,"column":20},"end":{"line":71,"column":39},"skip":true},{"start":{"line":72,"column":20},"end":{"line":72,"column":49},"skip":true},{"start":{"line":73,"column":20},"end":{"line":73,"column":58},"skip":true},{"start":{"line":74,"column":20},"end":{"line":74,"column":69},"skip":true}]},"9":{"line":79,"type":"switch","locations":[{"start":{"line":80,"column":20},"end":{"line":80,"column":33},"skip":true},{"start":{"line":81,"column":20},"end":{"line":83,"column":30},"skip":true},{"start":{"line":84,"column":20},"end":{"line":85,"column":49},"skip":true}]},"10":{"line":89,"type":"switch","locations":[{"start":{"line":90,"column":12},"end":{"line":103,"column":22},"skip":true},{"start":{"line":105,"column":12},"end":{"line":106,"column":22},"skip":true}]},"11":{"line":89,"type":"binary-expr","locations":[{"start":{"line":89,"column":20},"end":{"line":89,"column":25},"skip":true},{"start":{"line":89,"column":29},"end":{"line":89,"column":48},"skip":true},{"start":{"line":89,"column":52},"end":{"line":89,"column":74},"skip":true}]},"12":{"line":92,"type":"if","locations":[{"start":{"line":92,"column":16},"end":{"line":92,"column":16},"skip":true},{"start":{"line":92,"column":16},"end":{"line":92,"column":16},"skip":true}]},"13":{"line":108,"type":"if","locations":[{"start":{"line":108,"column":12},"end":{"line":108,"column":12},"skip":true},{"start":{"line":108,"column":12},"end":{"line":108,"column":12},"skip":true}]},"14":{"line":108,"type":"binary-expr","locations":[{"start":{"line":108,"column":16},"end":{"line":108,"column":61},"skip":true},{"start":{"line":108,"column":66},"end":{"line":108,"column":72},"skip":true},{"start":{"line":108,"column":77},"end":{"line":108,"column":82},"skip":true},{"start":{"line":109,"column":20},"end":{"line":109,"column":39},"skip":true},{"start":{"line":110,"column":20},"end":{"line":110,"column":49},"skip":true},{"start":{"line":111,"column":20},"end":{"line":111,"column":58},"skip":true},{"start":{"line":112,"column":20},"end":{"line":112,"column":68},"skip":true}]},"15":{"line":129,"type":"if","locations":[{"start":{"line":129,"column":16},"end":{"line":129,"column":16},"skip":true},{"start":{"line":129,"column":16},"end":{"line":129,"column":16},"skip":true}]},"16":{"line":134,"type":"cond-expr","locations":[{"start":{"line":135,"column":26},"end":{"line":135,"column":29},"skip":true},{"start":{"line":136,"column":26},"end":{"line":136,"column":54},"skip":true}]},"17":{"line":164,"type":"binary-expr","locations":[{"start":{"line":164,"column":27},"end":{"line":164,"column":43},"skip":true},{"start":{"line":164,"column":47},"end":{"line":164,"column":49},"skip":true}]},"18":{"line":258,"type":"if","locations":[{"start":{"line":258,"column":8},"end":{"line":258,"column":8},"skip":true},{"start":{"line":258,"column":8},"end":{"line":258,"column":8},"skip":true}]},"19":{"line":275,"type":"switch","locations":[{"start":{"line":276,"column":20},"end":{"line":277,"column":64},"skip":true},{"start":{"line":278,"column":20},"end":{"line":279,"column":40},"skip":true},{"start":{"line":280,"column":20},"end":{"line":281,"column":40},"skip":true},{"start":{"line":282,"column":20},"end":{"line":283,"column":39},"skip":true}]},"20":{"line":288,"type":"if","locations":[{"start":{"line":288,"column":8},"end":{"line":288,"column":8},"skip":true},{"start":{"line":288,"column":8},"end":{"line":288,"column":8},"skip":true}]},"21":{"line":288,"type":"binary-expr","locations":[{"start":{"line":288,"column":12},"end":{"line":288,"column":40},"skip":true},{"start":{"line":288,"column":44},"end":{"line":288,"column":67},"skip":true}]},"22":{"line":292,"type":"binary-expr","locations":[{"start":{"line":292,"column":12},"end":{"line":292,"column":50},"skip":true},{"start":{"line":293,"column":12},"end":{"line":293,"column":53},"skip":true}]},"23":{"line":297,"type":"binary-expr","locations":[{"start":{"line":297,"column":12},"end":{"line":297,"column":63},"skip":true},{"start":{"line":298,"column":12},"end":{"line":301,"column":36},"skip":true}]},"24":{"line":303,"type":"binary-expr","locations":[{"start":{"line":303,"column":43},"end":{"line":303,"column":75},"skip":true},{"start":{"line":303,"column":79},"end":{"line":303,"column":81},"skip":true}]},"25":{"line":306,"type":"if","locations":[{"start":{"line":306,"column":8},"end":{"line":306,"column":8},"skip":true},{"start":{"line":306,"column":8},"end":{"line":306,"column":8},"skip":true}]},"26":{"line":310,"type":"if","locations":[{"start":{"line":310,"column":8},"end":{"line":310,"column":8},"skip":true},{"start":{"line":310,"column":8},"end":{"line":310,"column":8},"skip":true}]},"27":{"line":313,"type":"binary-expr","locations":[{"start":{"line":313,"column":27},"end":{"line":313,"column":43},"skip":true},{"start":{"line":313,"column":47},"end":{"line":313,"column":53},"skip":true}]},"28":{"line":317,"type":"if","locations":[{"start":{"line":317,"column":12},"end":{"line":317,"column":12},"skip":true},{"start":{"line":317,"column":12},"end":{"line":317,"column":12},"skip":true}]}},"code":["/*","example.js","","quickstart example","","instruction","    1. save this script as example.js","    2. run the shell command:","        $ npm install npmtest-axios && PORT=8081 node example.js","    3. play with the browser-demo on http://127.0.0.1:8081","*/","","","","/* istanbul instrument in package npmtest_axios */","/*jslint","    bitwise: true,","    browser: true,","    maxerr: 8,","    maxlen: 96,","    node: true,","    nomen: true,","    regexp: true,","    stupid: true","*/","(function () {","    'use strict';","    var local;","","","","    // run shared js-env code - pre-init","    (function () {","        // init local","        local = {};","        // init modeJs","        local.modeJs = (function () {","            try {","                return typeof navigator.userAgent === 'string' &&","                    typeof document.querySelector('body') === 'object' &&","                    typeof XMLHttpRequest.prototype.open === 'function' &&","                    'browser';","            } catch (errorCaughtBrowser) {","                return module.exports &&","                    typeof process.versions.node === 'string' &&","                    typeof require('http').createServer === 'function' &&","                    'node';","            }","        }());","        // init global","        local.global = local.modeJs === 'browser'","            ? window","            : global;","        // init utility2_rollup","        local = local.global.utility2_rollup || (local.modeJs === 'browser'","            ? local.global.utility2_npmtest_axios","            : global.utility2_moduleExports);","        // export local","        local.global.local = local;","    }());","    switch (local.modeJs) {","","","","    // post-init","    // run browser js-env code - post-init","    /* istanbul ignore next */","    case 'browser':","        local.testRunBrowser = function (event) {","            if (!event || (event &&","                    event.currentTarget &&","                    event.currentTarget.className &&","                    event.currentTarget.className.includes &&","                    event.currentTarget.className.includes('onreset'))) {","                // reset output","                Array.from(","                    document.querySelectorAll('body > .resettable')","                ).forEach(function (element) {","                    switch (element.tagName) {","                    case 'INPUT':","                    case 'TEXTAREA':","                        element.value = '';","                        break;","                    default:","                        element.textContent = '';","                    }","                });","            }","            switch (event && event.currentTarget && event.currentTarget.id) {","            case 'testRunButton1':","                // show tests","                if (document.querySelector('#testReportDiv1').style.display === 'none') {","                    document.querySelector('#testReportDiv1').style.display = 'block';","                    document.querySelector('#testRunButton1').textContent =","                        'hide internal test';","                    local.modeTest = true;","                    local.testRunDefault(local);","                // hide tests","                } else {","                    document.querySelector('#testReportDiv1').style.display = 'none';","                    document.querySelector('#testRunButton1').textContent = 'run internal test';","                }","                break;","            // custom-case","            default:","                break;","            }","            if (document.querySelector('#inputTextareaEval1') && (!event || (event &&","                    event.currentTarget &&","                    event.currentTarget.className &&","                    event.currentTarget.className.includes &&","                    event.currentTarget.className.includes('oneval')))) {","                // try to eval input-code","                try {","                    /*jslint evil: true*/","                    eval(document.querySelector('#inputTextareaEval1').value);","                } catch (errorCaught) {","                    console.error(errorCaught);","                }","            }","        };","        // log stderr and stdout to #outputTextareaStdout1","        ['error', 'log'].forEach(function (key) {","            console[key + '_original'] = console[key];","            console[key] = function () {","                var element;","                console[key + '_original'].apply(console, arguments);","                element = document.querySelector('#outputTextareaStdout1');","                if (!element) {","                    return;","                }","                // append text to #outputTextareaStdout1","                element.value += Array.from(arguments).map(function (arg) {","                    return typeof arg === 'string'","                        ? arg","                        : JSON.stringify(arg, null, 4);","                }).join(' ') + '\\n';","                // scroll textarea to bottom","                element.scrollTop = element.scrollHeight;","            };","        });","        // init event-handling","        ['change', 'click', 'keyup'].forEach(function (event) {","            Array.from(document.querySelectorAll('.on' + event)).forEach(function (element) {","                element.addEventListener(event, local.testRunBrowser);","            });","        });","        // run tests","        local.testRunBrowser();","        break;","","","","    // run node js-env code - post-init","    /* istanbul ignore next */","    case 'node':","        // export local","        module.exports = local;","        // require modules","        local.fs = require('fs');","        local.http = require('http');","        local.url = require('url');","        // init assets","        local.assetsDict = local.assetsDict || {};","        /* jslint-ignore-begin */","        local.assetsDict['/assets.index.template.html'] = '\\","<!doctype html>\\n\\","<html lang=\"en\">\\n\\","<head>\\n\\","<meta charset=\"UTF-8\">\\n\\","<meta name=\"viewport\" content=\"width=device-width, initial-scale=1\">\\n\\","<title>{{env.npm_package_name}} (v{{env.npm_package_version}})</title>\\n\\","<style>\\n\\","/*csslint\\n\\","    box-sizing: false,\\n\\","    universal-selector: false\\n\\","*/\\n\\","* {\\n\\","    box-sizing: border-box;\\n\\","}\\n\\","body {\\n\\","    background: #dde;\\n\\","    font-family: Arial, Helvetica, sans-serif;\\n\\","    margin: 2rem;\\n\\","}\\n\\","body > * {\\n\\","    margin-bottom: 1rem;\\n\\","}\\n\\",".utility2FooterDiv {\\n\\","    margin-top: 20px;\\n\\","    text-align: center;\\n\\","}\\n\\","</style>\\n\\","<style>\\n\\","/*csslint\\n\\","*/\\n\\","textarea {\\n\\","    font-family: monospace;\\n\\","    height: 10rem;\\n\\","    width: 100%;\\n\\","}\\n\\","textarea[readonly] {\\n\\","    background: #ddd;\\n\\","}\\n\\","</style>\\n\\","</head>\\n\\","<body>\\n\\","<!-- utility2-comment\\n\\","<div id=\"ajaxProgressDiv1\" style=\"background: #d00; height: 2px; left: 0; margin: 0; padding: 0; position: fixed; top: 0; transition: background 0.5s, width 1.5s; width: 25%;\"></div>\\n\\","utility2-comment -->\\n\\","<h1>\\n\\","<!-- utility2-comment\\n\\","    <a\\n\\","        {{#if env.npm_package_homepage}}\\n\\","        href=\"{{env.npm_package_homepage}}\"\\n\\","        {{/if env.npm_package_homepage}}\\n\\","        target=\"_blank\"\\n\\","    >\\n\\","utility2-comment -->\\n\\","        {{env.npm_package_name}} (v{{env.npm_package_version}})\\n\\","<!-- utility2-comment\\n\\","    </a>\\n\\","utility2-comment -->\\n\\","</h1>\\n\\","<h3>{{env.npm_package_description}}</h3>\\n\\","<!-- utility2-comment\\n\\","<h4><a download href=\"assets.app.js\">download standalone app</a></h4>\\n\\","<button class=\"onclick onreset\" id=\"testRunButton1\">run internal test</button><br>\\n\\","<div id=\"testReportDiv1\" style=\"display: none;\"></div>\\n\\","utility2-comment -->\\n\\","\\n\\","\\n\\","\\n\\","<label>stderr and stdout</label>\\n\\","<textarea class=\"resettable\" id=\"outputTextareaStdout1\" readonly></textarea>\\n\\","<!-- utility2-comment\\n\\","{{#if isRollup}}\\n\\","<script src=\"assets.app.js\"></script>\\n\\","{{#unless isRollup}}\\n\\","utility2-comment -->\\n\\","<script src=\"assets.utility2.rollup.js\"></script>\\n\\","<script src=\"jsonp.utility2._stateInit?callback=window.utility2._stateInit\"></script>\\n\\","<script src=\"assets.npmtest_axios.rollup.js\"></script>\\n\\","<script src=\"assets.example.js\"></script>\\n\\","<script src=\"assets.test.js\"></script>\\n\\","<!-- utility2-comment\\n\\","{{/if isRollup}}\\n\\","utility2-comment -->\\n\\","<div class=\"utility2FooterDiv\">\\n\\","    [ this app was created with\\n\\","    <a href=\"https://github.com/kaizhu256/node-utility2\" target=\"_blank\">utility2</a>\\n\\","    ]\\n\\","</div>\\n\\","</body>\\n\\","</html>\\n\\","';","        /* jslint-ignore-end */","        if (local.templateRender) {","            local.assetsDict['/'] = local.templateRender(","                local.assetsDict['/assets.index.template.html'],","                {","                    env: local.objectSetDefault(local.env, {","                        npm_package_description: 'the greatest app in the world!',","                        npm_package_name: 'my-app',","                        npm_package_nameAlias: 'my_app',","                        npm_package_version: '0.0.1'","                    })","                }","            );","        } else {","            local.assetsDict['/'] = local.assetsDict['/assets.index.template.html']","                .replace((/\\{\\{env\\.(\\w+?)\\}\\}/g), function (match0, match1) {","                    // jslint-hack","                    String(match0);","                    switch (match1) {","                    case 'npm_package_description':","                        return 'the greatest app in the world!';","                    case 'npm_package_name':","                        return 'my-app';","                    case 'npm_package_nameAlias':","                        return 'my_app';","                    case 'npm_package_version':","                        return '0.0.1';","                    }","                });","        }","        // run the cli","        if (local.global.utility2_rollup || module !== require.main) {","            break;","        }","        local.assetsDict['/assets.example.js'] =","            local.assetsDict['/assets.example.js'] ||","            local.fs.readFileSync(__filename, 'utf8');","        // bug-workaround - long $npm_package_buildCustomOrg","        /* jslint-ignore-begin */","        local.assetsDict['/assets.npmtest_axios.rollup.js'] =","            local.assetsDict['/assets.npmtest_axios.rollup.js'] ||","            local.fs.readFileSync(","                local.npmtest_axios.__dirname + '/lib.npmtest_axios.js',","                'utf8'","            ).replace((/^#!/), '//');","        /* jslint-ignore-end */","        local.assetsDict['/favicon.ico'] = local.assetsDict['/favicon.ico'] || '';","        // if $npm_config_timeout_exit exists,","        // then exit this process after $npm_config_timeout_exit ms","        if (Number(process.env.npm_config_timeout_exit)) {","            setTimeout(process.exit, Number(process.env.npm_config_timeout_exit));","        }","        // start server","        if (local.global.utility2_serverHttp1) {","            break;","        }","        process.env.PORT = process.env.PORT || '8081';","        console.error('server starting on port ' + process.env.PORT);","        local.http.createServer(function (request, response) {","            request.urlParsed = local.url.parse(request.url);","            if (local.assetsDict[request.urlParsed.pathname] !== undefined) {","                response.end(local.assetsDict[request.urlParsed.pathname]);","                return;","            }","            response.statusCode = 404;","            response.end();","        }).listen(process.env.PORT);","        break;","    }","}());",""],"l":{"26":2,"28":2,"33":2,"35":2,"37":2,"38":2,"39":2,"44":1,"51":2,"55":2,"59":2,"61":2,"69":1,"70":2,"76":2,"79":2,"82":2,"83":2,"85":1,"89":2,"92":1,"93":1,"94":1,"96":1,"97":1,"100":1,"101":1,"103":1,"106":1,"108":2,"114":1,"116":1,"118":1,"123":1,"124":2,"125":2,"126":3,"127":3,"128":3,"129":3,"130":1,"133":3,"134":3,"139":3,"143":1,"144":3,"145":1,"149":1,"150":1,"158":1,"160":1,"161":1,"162":1,"164":1,"166":1,"258":1,"259":1,"271":1,"274":6,"275":6,"277":1,"279":2,"281":1,"283":2,"288":1,"289":1,"291":1,"296":1,"303":1,"306":1,"307":1,"310":1,"311":1,"313":1,"314":1,"315":1,"316":1,"317":1,"318":1,"319":1,"321":1,"322":1,"324":1}},"/home/travis/build/npmtest/node-npmtest-axios/node_modules/axios/index.js":{"path":"/home/travis/build/npmtest/node-npmtest-axios/node_modules/axios/index.js","s":{"1":1},"b":{},"f":{},"fnMap":{},"statementMap":{"1":{"start":{"line":1,"column":0},"end":{"line":1,"column":40}}},"branchMap":{},"code":["module.exports = require('./lib/axios');"],"l":{"1":1}},"/home/travis/build/npmtest/node-npmtest-axios/node_modules/axios/lib/axios.js":{"path":"/home/travis/build/npmtest/node-npmtest-axios/node_modules/axios/lib/axios.js","s":{"1":1,"2":1,"3":1,"4":1,"5":1,"6":1,"7":1,"8":1,"9":1,"10":1,"11":1,"12":1,"13":1,"14":0,"15":1,"16":1,"17":1,"18":1,"19":0,"20":1,"21":1,"22":1},"b":{},"f":{"1":1,"2":0,"3":0},"fnMap":{"1":{"name":"createInstance","line":14,"loc":{"start":{"line":14,"column":0},"end":{"line":14,"column":39}}},"2":{"name":"create","line":34,"loc":{"start":{"line":34,"column":15},"end":{"line":34,"column":47}}},"3":{"name":"all","line":44,"loc":{"start":{"line":44,"column":12},"end":{"line":44,"column":35}}}},"statementMap":{"1":{"start":{"line":3,"column":0},"end":{"line":3,"column":31}},"2":{"start":{"line":4,"column":0},"end":{"line":4,"column":37}},"3":{"start":{"line":5,"column":0},"end":{"line":5,"column":36}},"4":{"start":{"line":6,"column":0},"end":{"line":6,"column":37}},"5":{"start":{"line":14,"column":0},"end":{"line":25,"column":1}},"6":{"start":{"line":15,"column":2},"end":{"line":15,"column":41}},"7":{"start":{"line":16,"column":2},"end":{"line":16,"column":56}},"8":{"start":{"line":19,"column":2},"end":{"line":19,"column":51}},"9":{"start":{"line":22,"column":2},"end":{"line":22,"column":34}},"10":{"start":{"line":24,"column":2},"end":{"line":24,"column":18}},"11":{"start":{"line":28,"column":0},"end":{"line":28,"column":37}},"12":{"start":{"line":31,"column":0},"end":{"line":31,"column":20}},"13":{"start":{"line":34,"column":0},"end":{"line":36,"column":2}},"14":{"start":{"line":35,"column":2},"end":{"line":35,"column":63}},"15":{"start":{"line":39,"column":0},"end":{"line":39,"column":42}},"16":{"start":{"line":40,"column":0},"end":{"line":40,"column":52}},"17":{"start":{"line":41,"column":0},"end":{"line":41,"column":46}},"18":{"start":{"line":44,"column":0},"end":{"line":46,"column":2}},"19":{"start":{"line":45,"column":2},"end":{"line":45,"column":31}},"20":{"start":{"line":47,"column":0},"end":{"line":47,"column":43}},"21":{"start":{"line":49,"column":0},"end":{"line":49,"column":23}},"22":{"start":{"line":52,"column":0},"end":{"line":52,"column":31}}},"branchMap":{},"code":["'use strict';","","var utils = require('./utils');","var bind = require('./helpers/bind');","var Axios = require('./core/Axios');","var defaults = require('./defaults');","","/**"," * Create an instance of Axios"," *"," * @param {Object} defaultConfig The default config for the instance"," * @return {Axios} A new instance of Axios"," */","function createInstance(defaultConfig) {","  var context = new Axios(defaultConfig);","  var instance = bind(Axios.prototype.request, context);","","  // Copy axios.prototype to instance","  utils.extend(instance, Axios.prototype, context);","","  // Copy context to instance","  utils.extend(instance, context);","","  return instance;","}","","// Create the default instance to be exported","var axios = createInstance(defaults);","","// Expose Axios class to allow class inheritance","axios.Axios = Axios;","","// Factory for creating new instances","axios.create = function create(instanceConfig) {","  return createInstance(utils.merge(defaults, instanceConfig));","};","","// Expose Cancel & CancelToken","axios.Cancel = require('./cancel/Cancel');","axios.CancelToken = require('./cancel/CancelToken');","axios.isCancel = require('./cancel/isCancel');","","// Expose all/spread","axios.all = function all(promises) {","  return Promise.all(promises);","};","axios.spread = require('./helpers/spread');","","module.exports = axios;","","// Allow use of default import syntax in TypeScript","module.exports.default = axios;",""],"l":{"3":1,"4":1,"5":1,"6":1,"14":1,"15":1,"16":1,"19":1,"22":1,"24":1,"28":1,"31":1,"34":1,"35":0,"39":1,"40":1,"41":1,"44":1,"45":0,"47":1,"49":1,"52":1}},"/home/travis/build/npmtest/node-npmtest-axios/node_modules/axios/lib/utils.js":{"path":"/home/travis/build/npmtest/node-npmtest-axios/node_modules/axios/lib/utils.js","s":{"1":1,"2":1,"3":1,"4":9,"5":1,"6":0,"7":1,"8":0,"9":1,"10":0,"11":1,"12":0,"13":0,"14":0,"15":0,"16":0,"17":1,"18":0,"19":1,"20":0,"21":1,"22":0,"23":1,"24":0,"25":1,"26":0,"27":1,"28":0,"29":1,"30":0,"31":1,"32":0,"33":1,"34":0,"35":1,"36":0,"37":1,"38":0,"39":1,"40":0,"41":0,"42":0,"43":1,"44":9,"45":0,"46":9,"47":0,"48":9,"49":4,"50":13,"51":5,"52":21,"53":13,"54":1,"55":3,"56":1,"57":3,"58":0,"59":3,"60":3,"61":3,"62":3,"63":1,"64":2,"65":10,"66":8,"67":2,"68":2,"69":1},"b":{"1":[0,0,0],"2":[0,0],"3":[0,0],"4":[0,0],"5":[0,0,0],"6":[0,0],"7":[0,0],"8":[0,0],"9":[0,0],"10":[0,0],"11":[0,0],"12":[0,9],"13":[9,9],"14":[0,9],"15":[9,0],"16":[4,5],"17":[13,8],"18":[0,3],"19":[3,0],"20":[8,2],"21":[10,8]},"f":{"1":9,"2":0,"3":0,"4":0,"5":0,"6":0,"7":0,"8":0,"9":0,"10":0,"11":0,"12":0,"13":0,"14":0,"15":0,"16":0,"17":0,"18":9,"19":3,"20":3,"21":2,"22":10},"fnMap":{"1":{"name":"isArray","line":17,"loc":{"start":{"line":17,"column":0},"end":{"line":17,"column":22}}},"2":{"name":"isBuffer","line":27,"loc":{"start":{"line":27,"column":0},"end":{"line":27,"column":23}}},"3":{"name":"isArrayBuffer","line":37,"loc":{"start":{"line":37,"column":0},"end":{"line":37,"column":28}}},"4":{"name":"isFormData","line":47,"loc":{"start":{"line":47,"column":0},"end":{"line":47,"column":25}}},"5":{"name":"isArrayBufferView","line":57,"loc":{"start":{"line":57,"column":0},"end":{"line":57,"column":32}}},"6":{"name":"isString","line":73,"loc":{"start":{"line":73,"column":0},"end":{"line":73,"column":23}}},"7":{"name":"isNumber","line":83,"loc":{"start":{"line":83,"column":0},"end":{"line":83,"column":23}}},"8":{"name":"isUndefined","line":93,"loc":{"start":{"line":93,"column":0},"end":{"line":93,"column":26}}},"9":{"name":"isObject","line":103,"loc":{"start":{"line":103,"column":0},"end":{"line":103,"column":23}}},"10":{"name":"isDate","line":113,"loc":{"start":{"line":113,"column":0},"end":{"line":113,"column":21}}},"11":{"name":"isFile","line":123,"loc":{"start":{"line":123,"column":0},"end":{"line":123,"column":21}}},"12":{"name":"isBlob","line":133,"loc":{"start":{"line":133,"column":0},"end":{"line":133,"column":21}}},"13":{"name":"isFunction","line":143,"loc":{"start":{"line":143,"column":0},"end":{"line":143,"column":25}}},"14":{"name":"isStream","line":153,"loc":{"start":{"line":153,"column":0},"end":{"line":153,"column":23}}},"15":{"name":"isURLSearchParams","line":163,"loc":{"start":{"line":163,"column":0},"end":{"line":163,"column":32}}},"16":{"name":"trim","line":173,"loc":{"start":{"line":173,"column":0},"end":{"line":173,"column":19}}},"17":{"name":"isStandardBrowserEnv","line":190,"loc":{"start":{"line":190,"column":0},"end":{"line":190,"column":32}}},"18":{"name":"forEach","line":212,"loc":{"start":{"line":212,"column":0},"end":{"line":212,"column":26}}},"19":{"name":"merge","line":256,"loc":{"start":{"line":256,"column":0},"end":{"line":256,"column":44}}},"20":{"name":"assignValue","line":258,"loc":{"start":{"line":258,"column":2},"end":{"line":258,"column":33}}},"21":{"name":"extend","line":280,"loc":{"start":{"line":280,"column":0},"end":{"line":280,"column":31}}},"22":{"name":"assignValue","line":281,"loc":{"start":{"line":281,"column":13},"end":{"line":281,"column":44}}}},"statementMap":{"1":{"start":{"line":3,"column":0},"end":{"line":3,"column":37}},"2":{"start":{"line":9,"column":0},"end":{"line":9,"column":41}},"3":{"start":{"line":17,"column":0},"end":{"line":19,"column":1}},"4":{"start":{"line":18,"column":2},"end":{"line":18,"column":49}},"5":{"start":{"line":27,"column":0},"end":{"line":29,"column":1}},"6":{"start":{"line":28,"column":2},"end":{"line":28,"column":90}},"7":{"start":{"line":37,"column":0},"end":{"line":39,"column":1}},"8":{"start":{"line":38,"column":2},"end":{"line":38,"column":55}},"9":{"start":{"line":47,"column":0},"end":{"line":49,"column":1}},"10":{"start":{"line":48,"column":2},"end":{"line":48,"column":72}},"11":{"start":{"line":57,"column":0},"end":{"line":65,"column":1}},"12":{"start":{"line":58,"column":2},"end":{"line":58,"column":13}},"13":{"start":{"line":59,"column":2},"end":{"line":63,"column":3}},"14":{"start":{"line":60,"column":4},"end":{"line":60,"column":37}},"15":{"start":{"line":62,"column":4},"end":{"line":62,"column":74}},"16":{"start":{"line":64,"column":2},"end":{"line":64,"column":16}},"17":{"start":{"line":73,"column":0},"end":{"line":75,"column":1}},"18":{"start":{"line":74,"column":2},"end":{"line":74,"column":33}},"19":{"start":{"line":83,"column":0},"end":{"line":85,"column":1}},"20":{"start":{"line":84,"column":2},"end":{"line":84,"column":33}},"21":{"start":{"line":93,"column":0},"end":{"line":95,"column":1}},"22":{"start":{"line":94,"column":2},"end":{"line":94,"column":36}},"23":{"start":{"line":103,"column":0},"end":{"line":105,"column":1}},"24":{"start":{"line":104,"column":2},"end":{"line":104,"column":49}},"25":{"start":{"line":113,"column":0},"end":{"line":115,"column":1}},"26":{"start":{"line":114,"column":2},"end":{"line":114,"column":48}},"27":{"start":{"line":123,"column":0},"end":{"line":125,"column":1}},"28":{"start":{"line":124,"column":2},"end":{"line":124,"column":48}},"29":{"start":{"line":133,"column":0},"end":{"line":135,"column":1}},"30":{"start":{"line":134,"column":2},"end":{"line":134,"column":48}},"31":{"start":{"line":143,"column":0},"end":{"line":145,"column":1}},"32":{"start":{"line":144,"column":2},"end":{"line":144,"column":52}},"33":{"start":{"line":153,"column":0},"end":{"line":155,"column":1}},"34":{"start":{"line":154,"column":2},"end":{"line":154,"column":47}},"35":{"start":{"line":163,"column":0},"end":{"line":165,"column":1}},"36":{"start":{"line":164,"column":2},"end":{"line":164,"column":82}},"37":{"start":{"line":173,"column":0},"end":{"line":175,"column":1}},"38":{"start":{"line":174,"column":2},"end":{"line":174,"column":53}},"39":{"start":{"line":190,"column":0},"end":{"line":198,"column":1}},"40":{"start":{"line":191,"column":2},"end":{"line":193,"column":3}},"41":{"start":{"line":192,"column":4},"end":{"line":192,"column":17}},"42":{"start":{"line":194,"column":2},"end":{"line":197,"column":4}},"43":{"start":{"line":212,"column":0},"end":{"line":237,"column":1}},"44":{"start":{"line":214,"column":2},"end":{"line":216,"column":3}},"45":{"start":{"line":215,"column":4},"end":{"line":215,"column":11}},"46":{"start":{"line":219,"column":2},"end":{"line":222,"column":3}},"47":{"start":{"line":221,"column":4},"end":{"line":221,"column":16}},"48":{"start":{"line":224,"column":2},"end":{"line":236,"column":3}},"49":{"start":{"line":226,"column":4},"end":{"line":228,"column":5}},"50":{"start":{"line":227,"column":6},"end":{"line":227,"column":36}},"51":{"start":{"line":231,"column":4},"end":{"line":235,"column":5}},"52":{"start":{"line":232,"column":6},"end":{"line":234,"column":7}},"53":{"start":{"line":233,"column":8},"end":{"line":233,"column":42}},"54":{"start":{"line":256,"column":0},"end":{"line":270,"column":1}},"55":{"start":{"line":257,"column":2},"end":{"line":257,"column":18}},"56":{"start":{"line":258,"column":2},"end":{"line":264,"column":3}},"57":{"start":{"line":259,"column":4},"end":{"line":263,"column":5}},"58":{"start":{"line":260,"column":6},"end":{"line":260,"column":44}},"59":{"start":{"line":262,"column":6},"end":{"line":262,"column":24}},"60":{"start":{"line":266,"column":2},"end":{"line":268,"column":3}},"61":{"start":{"line":267,"column":4},"end":{"line":267,"column":39}},"62":{"start":{"line":269,"column":2},"end":{"line":269,"column":16}},"63":{"start":{"line":280,"column":0},"end":{"line":289,"column":1}},"64":{"start":{"line":281,"column":2},"end":{"line":287,"column":5}},"65":{"start":{"line":282,"column":4},"end":{"line":286,"column":5}},"66":{"start":{"line":283,"column":6},"end":{"line":283,"column":34}},"67":{"start":{"line":285,"column":6},"end":{"line":285,"column":19}},"68":{"start":{"line":288,"column":2},"end":{"line":288,"column":11}},"69":{"start":{"line":291,"column":0},"end":{"line":312,"column":2}}},"branchMap":{"1":{"line":28,"type":"binary-expr","locations":[{"start":{"line":28,"column":11},"end":{"line":28,"column":40}},{"start":{"line":28,"column":46},"end":{"line":28,"column":61}},{"start":{"line":28,"column":67},"end":{"line":28,"column":87}}]},"2":{"line":48,"type":"binary-expr","locations":[{"start":{"line":48,"column":10},"end":{"line":48,"column":41}},{"start":{"line":48,"column":47},"end":{"line":48,"column":70}}]},"3":{"line":59,"type":"if","locations":[{"start":{"line":59,"column":2},"end":{"line":59,"column":2}},{"start":{"line":59,"column":2},"end":{"line":59,"column":2}}]},"4":{"line":59,"type":"binary-expr","locations":[{"start":{"line":59,"column":7},"end":{"line":59,"column":41}},{"start":{"line":59,"column":47},"end":{"line":59,"column":65}}]},"5":{"line":62,"type":"binary-expr","locations":[{"start":{"line":62,"column":14},"end":{"line":62,"column":17}},{"start":{"line":62,"column":23},"end":{"line":62,"column":33}},{"start":{"line":62,"column":39},"end":{"line":62,"column":72}}]},"6":{"line":104,"type":"binary-expr","locations":[{"start":{"line":104,"column":9},"end":{"line":104,"column":21}},{"start":{"line":104,"column":25},"end":{"line":104,"column":48}}]},"7":{"line":154,"type":"binary-expr","locations":[{"start":{"line":154,"column":9},"end":{"line":154,"column":22}},{"start":{"line":154,"column":26},"end":{"line":154,"column":46}}]},"8":{"line":164,"type":"binary-expr","locations":[{"start":{"line":164,"column":9},"end":{"line":164,"column":47}},{"start":{"line":164,"column":51},"end":{"line":164,"column":81}}]},"9":{"line":191,"type":"if","locations":[{"start":{"line":191,"column":2},"end":{"line":191,"column":2}},{"start":{"line":191,"column":2},"end":{"line":191,"column":2}}]},"10":{"line":191,"type":"binary-expr","locations":[{"start":{"line":191,"column":6},"end":{"line":191,"column":38}},{"start":{"line":191,"column":42},"end":{"line":191,"column":77}}]},"11":{"line":195,"type":"binary-expr","locations":[{"start":{"line":195,"column":4},"end":{"line":195,"column":33}},{"start":{"line":196,"column":4},"end":{"line":196,"column":35}}]},"12":{"line":214,"type":"if","locations":[{"start":{"line":214,"column":2},"end":{"line":214,"column":2}},{"start":{"line":214,"column":2},"end":{"line":214,"column":2}}]},"13":{"line":214,"type":"binary-expr","locations":[{"start":{"line":214,"column":6},"end":{"line":214,"column":18}},{"start":{"line":214,"column":22},"end":{"line":214,"column":48}}]},"14":{"line":219,"type":"if","locations":[{"start":{"line":219,"column":2},"end":{"line":219,"column":2}},{"start":{"line":219,"column":2},"end":{"line":219,"column":2}}]},"15":{"line":219,"type":"binary-expr","locations":[{"start":{"line":219,"column":6},"end":{"line":219,"column":29}},{"start":{"line":219,"column":33},"end":{"line":219,"column":46}}]},"16":{"line":224,"type":"if","locations":[{"start":{"line":224,"column":2},"end":{"line":224,"column":2}},{"start":{"line":224,"column":2},"end":{"line":224,"column":2}}]},"17":{"line":232,"type":"if","locations":[{"start":{"line":232,"column":6},"end":{"line":232,"column":6}},{"start":{"line":232,"column":6},"end":{"line":232,"column":6}}]},"18":{"line":259,"type":"if","locations":[{"start":{"line":259,"column":4},"end":{"line":259,"column":4}},{"start":{"line":259,"column":4},"end":{"line":259,"column":4}}]},"19":{"line":259,"type":"binary-expr","locations":[{"start":{"line":259,"column":8},"end":{"line":259,"column":39}},{"start":{"line":259,"column":43},"end":{"line":259,"column":66}}]},"20":{"line":282,"type":"if","locations":[{"start":{"line":282,"column":4},"end":{"line":282,"column":4}},{"start":{"line":282,"column":4},"end":{"line":282,"column":4}}]},"21":{"line":282,"type":"binary-expr","locations":[{"start":{"line":282,"column":8},"end":{"line":282,"column":15}},{"start":{"line":282,"column":19},"end":{"line":282,"column":44}}]}},"code":["'use strict';","","var bind = require('./helpers/bind');","","/*global toString:true*/","","// utils is a library of generic helper functions non-specific to axios","","var toString = Object.prototype.toString;","","/**"," * Determine if a value is an Array"," *"," * @param {Object} val The value to test"," * @returns {boolean} True if value is an Array, otherwise false"," */","function isArray(val) {","  return toString.call(val) === '[object Array]';","}","","/**"," * Determine if a value is a Node Buffer"," *"," * @param {Object} val The value to test"," * @returns {boolean} True if value is a Node Buffer, otherwise false"," */","function isBuffer(val) {","  return ((typeof Buffer !== 'undefined') && (Buffer.isBuffer) && (Buffer.isBuffer(val)));","}","","/**"," * Determine if a value is an ArrayBuffer"," *"," * @param {Object} val The value to test"," * @returns {boolean} True if value is an ArrayBuffer, otherwise false"," */","function isArrayBuffer(val) {","  return toString.call(val) === '[object ArrayBuffer]';","}","","/**"," * Determine if a value is a FormData"," *"," * @param {Object} val The value to test"," * @returns {boolean} True if value is an FormData, otherwise false"," */","function isFormData(val) {","  return (typeof FormData !== 'undefined') && (val instanceof FormData);","}","","/**"," * Determine if a value is a view on an ArrayBuffer"," *"," * @param {Object} val The value to test"," * @returns {boolean} True if value is a view on an ArrayBuffer, otherwise false"," */","function isArrayBufferView(val) {","  var result;","  if ((typeof ArrayBuffer !== 'undefined') && (ArrayBuffer.isView)) {","    result = ArrayBuffer.isView(val);","  } else {","    result = (val) && (val.buffer) && (val.buffer instanceof ArrayBuffer);","  }","  return result;","}","","/**"," * Determine if a value is a String"," *"," * @param {Object} val The value to test"," * @returns {boolean} True if value is a String, otherwise false"," */","function isString(val) {","  return typeof val === 'string';","}","","/**"," * Determine if a value is a Number"," *"," * @param {Object} val The value to test"," * @returns {boolean} True if value is a Number, otherwise false"," */","function isNumber(val) {","  return typeof val === 'number';","}","","/**"," * Determine if a value is undefined"," *"," * @param {Object} val The value to test"," * @returns {boolean} True if the value is undefined, otherwise false"," */","function isUndefined(val) {","  return typeof val === 'undefined';","}","","/**"," * Determine if a value is an Object"," *"," * @param {Object} val The value to test"," * @returns {boolean} True if value is an Object, otherwise false"," */","function isObject(val) {","  return val !== null && typeof val === 'object';","}","","/**"," * Determine if a value is a Date"," *"," * @param {Object} val The value to test"," * @returns {boolean} True if value is a Date, otherwise false"," */","function isDate(val) {","  return toString.call(val) === '[object Date]';","}","","/**"," * Determine if a value is a File"," *"," * @param {Object} val The value to test"," * @returns {boolean} True if value is a File, otherwise false"," */","function isFile(val) {","  return toString.call(val) === '[object File]';","}","","/**"," * Determine if a value is a Blob"," *"," * @param {Object} val The value to test"," * @returns {boolean} True if value is a Blob, otherwise false"," */","function isBlob(val) {","  return toString.call(val) === '[object Blob]';","}","","/**"," * Determine if a value is a Function"," *"," * @param {Object} val The value to test"," * @returns {boolean} True if value is a Function, otherwise false"," */","function isFunction(val) {","  return toString.call(val) === '[object Function]';","}","","/**"," * Determine if a value is a Stream"," *"," * @param {Object} val The value to test"," * @returns {boolean} True if value is a Stream, otherwise false"," */","function isStream(val) {","  return isObject(val) && isFunction(val.pipe);","}","","/**"," * Determine if a value is a URLSearchParams object"," *"," * @param {Object} val The value to test"," * @returns {boolean} True if value is a URLSearchParams object, otherwise false"," */","function isURLSearchParams(val) {","  return typeof URLSearchParams !== 'undefined' && val instanceof URLSearchParams;","}","","/**"," * Trim excess whitespace off the beginning and end of a string"," *"," * @param {String} str The String to trim"," * @returns {String} The String freed of excess whitespace"," */","function trim(str) {","  return str.replace(/^\\s*/, '').replace(/\\s*$/, '');","}","","/**"," * Determine if we're running in a standard browser environment"," *"," * This allows axios to run in a web worker, and react-native."," * Both environments support XMLHttpRequest, but not fully standard globals."," *"," * web workers:"," *  typeof window -> undefined"," *  typeof document -> undefined"," *"," * react-native:"," *  navigator.product -> 'ReactNative'"," */","function isStandardBrowserEnv() {","  if (typeof navigator !== 'undefined' && navigator.product === 'ReactNative') {","    return false;","  }","  return (","    typeof window !== 'undefined' &&","    typeof document !== 'undefined'","  );","}","","/**"," * Iterate over an Array or an Object invoking a function for each item."," *"," * If `obj` is an Array callback will be called passing"," * the value, index, and complete array for each item."," *"," * If 'obj' is an Object callback will be called passing"," * the value, key, and complete object for each property."," *"," * @param {Object|Array} obj The object to iterate"," * @param {Function} fn The callback to invoke for each item"," */","function forEach(obj, fn) {","  // Don't bother if no value provided","  if (obj === null || typeof obj === 'undefined') {","    return;","  }","","  // Force an array if not already something iterable","  if (typeof obj !== 'object' && !isArray(obj)) {","    /*eslint no-param-reassign:0*/","    obj = [obj];","  }","","  if (isArray(obj)) {","    // Iterate over array values","    for (var i = 0, l = obj.length; i < l; i++) {","      fn.call(null, obj[i], i, obj);","    }","  } else {","    // Iterate over object keys","    for (var key in obj) {","      if (Object.prototype.hasOwnProperty.call(obj, key)) {","        fn.call(null, obj[key], key, obj);","      }","    }","  }","}","","/**"," * Accepts varargs expecting each argument to be an object, then"," * immutably merges the properties of each object and returns result."," *"," * When multiple objects contain the same key the later object in"," * the arguments list will take precedence."," *"," * Example:"," *"," * ```js"," * var result = merge({foo: 123}, {foo: 456});"," * console.log(result.foo); // outputs 456"," * ```"," *"," * @param {Object} obj1 Object to merge"," * @returns {Object} Result of all merge properties"," */","function merge(/* obj1, obj2, obj3, ... */) {","  var result = {};","  function assignValue(val, key) {","    if (typeof result[key] === 'object' && typeof val === 'object') {","      result[key] = merge(result[key], val);","    } else {","      result[key] = val;","    }","  }","","  for (var i = 0, l = arguments.length; i < l; i++) {","    forEach(arguments[i], assignValue);","  }","  return result;","}","","/**"," * Extends object a by mutably adding to it the properties of object b."," *"," * @param {Object} a The object to be extended"," * @param {Object} b The object to copy properties from"," * @param {Object} thisArg The object to bind function to"," * @return {Object} The resulting value of object a"," */","function extend(a, b, thisArg) {","  forEach(b, function assignValue(val, key) {","    if (thisArg && typeof val === 'function') {","      a[key] = bind(val, thisArg);","    } else {","      a[key] = val;","    }","  });","  return a;","}","","module.exports = {","  isArray: isArray,","  isArrayBuffer: isArrayBuffer,","  isBuffer: isBuffer,","  isFormData: isFormData,","  isArrayBufferView: isArrayBufferView,","  isString: isString,","  isNumber: isNumber,","  isObject: isObject,","  isUndefined: isUndefined,","  isDate: isDate,","  isFile: isFile,","  isBlob: isBlob,","  isFunction: isFunction,","  isStream: isStream,","  isURLSearchParams: isURLSearchParams,","  isStandardBrowserEnv: isStandardBrowserEnv,","  forEach: forEach,","  merge: merge,","  extend: extend,","  trim: trim","};",""],"l":{"3":1,"9":1,"17":1,"18":9,"27":1,"28":0,"37":1,"38":0,"47":1,"48":0,"57":1,"58":0,"59":0,"60":0,"62":0,"64":0,"73":1,"74":0,"83":1,"84":0,"93":1,"94":0,"103":1,"104":0,"113":1,"114":0,"123":1,"124":0,"133":1,"134":0,"143":1,"144":0,"153":1,"154":0,"163":1,"164":0,"173":1,"174":0,"190":1,"191":0,"192":0,"194":0,"212":1,"214":9,"215":0,"219":9,"221":0,"224":9,"226":4,"227":13,"231":5,"232":21,"233":13,"256":1,"257":3,"258":1,"259":3,"260":0,"262":3,"266":3,"267":3,"269":3,"280":1,"281":2,"282":10,"283":8,"285":2,"288":2,"291":1}},"/home/travis/build/npmtest/node-npmtest-axios/node_modules/axios/lib/helpers/bind.js":{"path":"/home/travis/build/npmtest/node-npmtest-axios/node_modules/axios/lib/helpers/bind.js","s":{"1":1,"2":9,"3":0,"4":0,"5":0,"6":0},"b":{},"f":{"1":9,"2":0},"fnMap":{"1":{"name":"bind","line":3,"loc":{"start":{"line":3,"column":17},"end":{"line":3,"column":44}}},"2":{"name":"wrap","line":4,"loc":{"start":{"line":4,"column":9},"end":{"line":4,"column":25}}}},"statementMap":{"1":{"start":{"line":3,"column":0},"end":{"line":11,"column":2}},"2":{"start":{"line":4,"column":2},"end":{"line":10,"column":4}},"3":{"start":{"line":5,"column":4},"end":{"line":5,"column":43}},"4":{"start":{"line":6,"column":4},"end":{"line":8,"column":5}},"5":{"start":{"line":7,"column":6},"end":{"line":7,"column":29}},"6":{"start":{"line":9,"column":4},"end":{"line":9,"column":35}}},"branchMap":{},"code":["'use strict';","","module.exports = function bind(fn, thisArg) {","  return function wrap() {","    var args = new Array(arguments.length);","    for (var i = 0; i < args.length; i++) {","      args[i] = arguments[i];","    }","    return fn.apply(thisArg, args);","  };","};",""],"l":{"3":1,"4":9,"5":0,"6":0,"7":0,"9":0}},"/home/travis/build/npmtest/node-npmtest-axios/node_modules/axios/lib/core/Axios.js":{"path":"/home/travis/build/npmtest/node-npmtest-axios/node_modules/axios/lib/core/Axios.js","s":{"1":1,"2":1,"3":1,"4":1,"5":1,"6":1,"7":1,"8":1,"9":1,"10":1,"11":0,"12":0,"13":0,"14":0,"15":0,"16":0,"17":0,"18":0,"19":0,"20":0,"21":0,"22":0,"23":0,"24":0,"25":1,"26":4,"27":0,"28":1,"29":3,"30":0,"31":1},"b":{"1":[0,0],"2":[0,0],"3":[0,0],"4":[0,0],"5":[0,0]},"f":{"1":1,"2":0,"3":0,"4":0,"5":4,"6":0,"7":3,"8":0},"fnMap":{"1":{"name":"Axios","line":15,"loc":{"start":{"line":15,"column":0},"end":{"line":15,"column":31}}},"2":{"name":"request","line":28,"loc":{"start":{"line":28,"column":26},"end":{"line":28,"column":51}}},"3":{"name":"unshiftRequestInterceptors","line":48,"loc":{"start":{"line":48,"column":36},"end":{"line":48,"column":85}}},"4":{"name":"pushResponseInterceptors","line":52,"loc":{"start":{"line":52,"column":37},"end":{"line":52,"column":84}}},"5":{"name":"forEachMethodNoData","line":64,"loc":{"start":{"line":64,"column":52},"end":{"line":64,"column":89}}},"6":{"name":"(anonymous_6)","line":66,"loc":{"start":{"line":66,"column":28},"end":{"line":66,"column":50}}},"7":{"name":"forEachMethodWithData","line":74,"loc":{"start":{"line":74,"column":40},"end":{"line":74,"column":79}}},"8":{"name":"(anonymous_8)","line":76,"loc":{"start":{"line":76,"column":28},"end":{"line":76,"column":56}}}},"statementMap":{"1":{"start":{"line":3,"column":0},"end":{"line":3,"column":40}},"2":{"start":{"line":4,"column":0},"end":{"line":4,"column":34}},"3":{"start":{"line":5,"column":0},"end":{"line":5,"column":57}},"4":{"start":{"line":6,"column":0},"end":{"line":6,"column":51}},"5":{"start":{"line":7,"column":0},"end":{"line":7,"column":58}},"6":{"start":{"line":8,"column":0},"end":{"line":8,"column":54}},"7":{"start":{"line":15,"column":0},"end":{"line":21,"column":1}},"8":{"start":{"line":16,"column":2},"end":{"line":16,"column":33}},"9":{"start":{"line":17,"column":2},"end":{"line":20,"column":4}},"10":{"start":{"line":28,"column":0},"end":{"line":61,"column":2}},"11":{"start":{"line":31,"column":2},"end":{"line":35,"column":3}},"12":{"start":{"line":32,"column":4},"end":{"line":34,"column":21}},"13":{"start":{"line":37,"column":2},"end":{"line":37,"column":75}},"14":{"start":{"line":40,"column":2},"end":{"line":42,"column":3}},"15":{"start":{"line":41,"column":4},"end":{"line":41,"column":57}},"16":{"start":{"line":45,"column":2},"end":{"line":45,"column":43}},"17":{"start":{"line":46,"column":2},"end":{"line":46,"column":40}},"18":{"start":{"line":48,"column":2},"end":{"line":50,"column":5}},"19":{"start":{"line":49,"column":4},"end":{"line":49,"column":63}},"20":{"start":{"line":52,"column":2},"end":{"line":54,"column":5}},"21":{"start":{"line":53,"column":4},"end":{"line":53,"column":60}},"22":{"start":{"line":56,"column":2},"end":{"line":58,"column":3}},"23":{"start":{"line":57,"column":4},"end":{"line":57,"column":57}},"24":{"start":{"line":60,"column":2},"end":{"line":60,"column":17}},"25":{"start":{"line":64,"column":0},"end":{"line":72,"column":3}},"26":{"start":{"line":66,"column":2},"end":{"line":71,"column":4}},"27":{"start":{"line":67,"column":4},"end":{"line":70,"column":8}},"28":{"start":{"line":74,"column":0},"end":{"line":83,"column":3}},"29":{"start":{"line":76,"column":2},"end":{"line":82,"column":4}},"30":{"start":{"line":77,"column":4},"end":{"line":81,"column":8}},"31":{"start":{"line":85,"column":0},"end":{"line":85,"column":23}}},"branchMap":{"1":{"line":31,"type":"if","locations":[{"start":{"line":31,"column":2},"end":{"line":31,"column":2}},{"start":{"line":31,"co
[...]
"","/**"," * Add a new interceptor to the stack"," *"," * @param {Function} fulfilled The function to handle `then` for a `Promise`"," * @param {Function} rejected The function to handle `reject` for a `Promise`"," *"," * @return {Number} An ID used to remove interceptor later"," */","InterceptorManager.prototype.use = function use(fulfilled, rejected) {","  this.handlers.push({","    fulfilled: fulfilled,","    rejected: rejected","  });","  return this.handlers.length - 1;","};","","/**"," * Remove an interceptor from the stack"," *"," * @param {Number} id The ID that was returned by `use`"," */","InterceptorManager.prototype.eject = function eject(id) {","  if (this.handlers[id]) {","    this.handlers[id] = null;","  }","};","","/**"," * Iterate over all the registered interceptors"," *"," * This method is particularly useful for skipping over any"," * interceptors that may have become `null` calling `eject`."," *"," * @param {Function} fn The function to call for each interceptor"," */","InterceptorManager.prototype.forEach = function forEach(fn) {","  utils.forEach(this.handlers, function forEachHandler(h) {","    if (h !== null) {","      fn(h);","    }","  });","};","","module.exports = InterceptorManager;",""],"l":{"3":1,"5":1,"6":2,"17":1,"18":0,"22":0,"30":1,"31":0,"32":0,"44":1,"45":0,"46":0,"47":0,"52":1}},"/home/travis/build/npmtest/node-npmtest-axios/node_modules/axios/lib/core/dispatchRequest.js":{"path":"/home/travis/build/npmtest/node-npmtest-axios/node_modules/axios/lib/core/dispatchRequest.js","s":{"1":1,"2":1,"3":1,"4":1,"5":1,"6":0,"7":0,"8":1,"9":0,"10":0,"11":0,"12":0,"13":0,"14":0,"15":0,"16":0,"17":0,"18":0,"19":0,"20":0,"21":0,"22":0,"23":0,"24":0},"b":{"1":[0,0],"2":[0,0],"3":[0,0],"4":[0,0],"5":[0,0],"6":[0,0],"7":[0,0],"8":[0,0],"9":[0,0]},"f":{"1":0,"2":0,"3":0,"4":0,"5":0},"fnMap":{"1":{"name":"throwIfCancellationRequested","line":11,"loc":{"start":{"line":11,"column":0},"end":{"line":11,"column":46}}},"2":{"name":"dispatchRequest","line":23,"loc":{"start":{"line":23,"column":17},"end":{"line":23,"column":50}}},"3":{"name":"cleanHeaderConfig","line":45,"loc":{"start":{"line":45,"column":4},"end":{"line":45,"column":39}}},"4":{"name":"onAdapterResolution","line":52,"loc":{"start":{"line":52,"column":30},"end":{"line":52,"column":69}}},"5":{"name":"onAdapterRejection","line":63,"loc":{"start":{"line":63,"column":5},"end":{"line":63,"column":41}}}},"statementMap":{"1":{"start":{"line":3,"column":0},"end":{"line":3,"column":34}},"2":{"start":{"line":4,"column":0},"end":{"line":4,"column":47}},"3":{"start":{"line":5,"column":0},"end":{"line":5,"column":45}},"4":{"start":{"line":6,"column":0},"end":{"line":6,"column":38}},"5":{"start":{"line":11,"column":0},"end":{"line":15,"column":1}},"6":{"start":{"line":12,"column":2},"end":{"line":14,"column":3}},"7":{"start":{"line":13,"column":4},"end":{"line":13,"column":42}},"8":{"start":{"line":23,"column":0},"end":{"line":79,"column":2}},"9":{"start":{"line":24,"column":2},"end":{"line":24,"column":39}},"10":{"start":{"line":27,"column":2},"end":{"line":27,"column":40}},"11":{"start":{"line":30,"column":2},"end":{"line":34,"column":4}},"12":{"start":{"line":37,"column":2},"end":{"line":41,"column":4}},"13":{"start":{"line":43,"column":2},"end":{"line":48,"column":4}},"14":{"start":{"line":46,"column":6},"end":{"line":46,"column":36}},"15":{"start":{"line":50,"column":2},"end":{"line":50,"column":51}},"16":{"start":{"line":52,"column":2},"end":{"line":78,"column":5}},"17":{"start":{"line":53,"column":4},"end":{"line":53,"column":41}},"18":{"start":{"line":56,"column":4},"end":{"line":60,"column":6}},"19":{"start":{"line":62,"column":4},"end":{"line":62,"column":20}},"20":{"start":{"line":64,"column":4},"end":{"line":75,"column":5}},"21":{"start":{"line":65,"column":6},"end":{"line":65,"column":43}},"22":{"start":{"line":68,"column":6},"end":{"line":74,"column":7}},"23":{"start":{"line":69,"column":8},"end":{"line":73,"column":10}},"24":{"start":{"line":77,"column":4},"end":{"line":77,"column":34}}},"branchMap":{"1":{"line":12,"type":"if","locations":[{"start":{"line":12,"column":2},"end":{"line":12,"column":2}},{"start":{"line":12,"column":2},"end":{"line":12,"column":2}}]},"2":{"line":27,"type":"binary-expr","locations":[{"start":{"line":27,"column":19},"end":{"line":27,"column":33}},{"start":{"line":27,"column":37},"end":{"line":27,"column":39}}]},"3":{"line":38,"type":"binary-expr","locations":[{"start":{"line":38,"column":4},"end":{"line":38,"column":25}},{"start":{"line":38,"column":29},"end":{"line":38,"column":31}}]},"4":{"line":39,"type":"binary-expr","locations":[{"start":{"line":39,"column":4},"end":{"line":39,"column":33}},{"start":{"line":39,"column":37},"end":{"line":39,"column":39}}]},"5":{"line":40,"type":"binary-expr","locations":[{"start":{"line":40,"column":4},"end":{"line":40,"column":18}},{"start":{"line":40,"column":22},"end":{"line":40,"column":24}}]},"6":{"line":50,"type":"binary-expr","locations":[{"start":{"line":50,"column":16},"end":{"line":50,"column":30}},{"start":{"line":50,"column":34},"end":{"line":50,"column":50}}]},"7":{"line":64,"type":"if","locations":[{"start":{"line":64,"column":4},"end":{"line":64,"column":4}},{"start":{"line":64,"column":4},"end":{"line":64,"column":4}}]},"8":{"line":68,"type":"if","locations":[{"start":{"line":68,"column":6},"end":{"line":68,"column":6}},{"start":{"line":68,"column":6},"end":{"line":68,"column":6}}]},"9":{"line":68,"type":"binary-expr","locations":[{"start":{"line":68,"column":10},"end":{"line":68,"column":16}},{"start":{"line":68,"column":20},"end":{"line":68,"column":35}}]}},"code":["'use strict';","","var utils = require('./../utils');","var transformData = require('./transformData');","var isCancel = require('../cancel/isCancel');","var defaults = require('../defaults');","","/**"," * Throws a `Cancel` if cancellation has been requested."," */","function throwIfCancellationRequested(config) {","  if (config.cancelToken) {","    config.cancelToken.throwIfRequested();","  }","}","","/**"," * Dispatch a request to the server using the configured adapter."," *"," * @param {object} config The config that is to be used for the request"," * @returns {Promise} The Promise to be fulfilled"," */","module.exports = function dispatchRequest(config) {","  throwIfCancellationRequested(config);","","  // Ensure headers exist","  config.headers = config.headers || {};","","  // Transform request data","  config.data = transformData(","    config.data,","    config.headers,","    config.transformRequest","  );","","  // Flatten headers","  config.headers = utils.merge(","    config.headers.common || {},","    config.headers[config.method] || {},","    config.headers || {}","  );","","  utils.forEach(","    ['delete', 'get', 'head', 'post', 'put', 'patch', 'common'],","    function cleanHeaderConfig(method) {","      delete config.headers[method];","    }","  );","","  var adapter = config.adapter || defaults.adapter;","","  return adapter(config).then(function onAdapterResolution(response) {","    throwIfCancellationRequested(config);","","    // Transform response data","    response.data = transformData(","      response.data,","      response.headers,","      config.transformResponse","    );","","    return response;","  }, function onAdapterRejection(reason) {","    if (!isCancel(reason)) {","      throwIfCancellationRequested(config);","","      // Transform response data","      if (reason && reason.response) {","        reason.response.data = transformData(","          reason.response.data,","          reason.response.headers,","          config.transformResponse","        );","      }","    }","","    return Promise.reject(reason);","  });","};",""],"l":{"3":1,"4":1,"5":1,"6":1,"11":1,"12":0,"13":0,"23":1,"24":0,"27":0,"30":0,"37":0,"43":0,"46":0,"50":0,"52":0,"53":0,"56":0,"62":0,"64":0,"65":0,"68":0,"69":0,"77":0}},"/home/travis/build/npmtest/node-npmtest-axios/node_modules/axios/lib/core/transformData.js":{"path":"/home/travis/build/npmtest/node-npmtest-axios/node_modules/axios/lib/core/transformData.js","s":{"1":1,"2":1,"3":0,"4":0,"5":0},"b":{},"f":{"1":0,"2":0},"fnMap":{"1":{"name":"transformData","line":13,"loc":{"start":{"line":13,"column":17},"end":{"line":13,"column":60}}},"2":{"name":"transform","line":15,"loc":{"start":{"line":15,"column":21},"end":{"line":15,"column":44}}}},"statementMap":{"1":{"start":{"line":3,"column":0},"end":{"line":3,"column":34}},"2":{"start":{"line":13,"column":0},"end":{"line":20,"column":2}},"3":{"start":{"line":15,"column":2},"end":{"line":17,"column":5}},"4":{"start":{"line":16,"column":4},"end":{"line":16,"column":29}},"5":{"start":{"line":19,"column":2},"end":{"line":19,"column":14}}},"branchMap":{},"code":["'use strict';","","var utils = require('./../utils');","","/**"," * Transform the data for a request or a response"," *"," * @param {Object|String} data The data to be transformed"," * @param {Array} headers The headers for the request or response"," * @param {Array|Function} fns A single function or Array of functions"," * @returns {*} The resulting transformed data"," */","module.exports = function transformData(data, headers, fns) {","  /*eslint no-param-reassign:0*/","  utils.forEach(fns, function transform(fn) {","    data = fn(data, headers);","  });","","  return data;","};",""],"l":{"3":1,"13":1,"15":0,"16":0,"19":0}},"/home/travis/build/npmtest/node-npmtest-axios/node_modules/axios/lib/cancel/isCancel.js":{"path":"/home/travis/build/npmtest/node-npmtest-axios/node_modules/axios/lib/cancel/isCancel.js","s":{"1":1,"2":0},"b":{"1":[0,0]},"f":{"1":0},"fnMap":{"1":{"name":"isCancel","line":3,"loc":{"start":{"line":3,"column":17},"end":{"line":3,"column":42}}}},"statementMap":{"1":{"start":{"line":3,"column":0},"end":{"line":5,"column":2}},"2":{"start":{"line":4,"column":2},"end":{"line":4,"column":39}}},"branchMap":{"1":{"line":4,"type":"binary-expr","locations":[{"start":{"line":4,"column":12},"end":{"line":4,"column":17}},{"start":{"line":4,"column":21},"end":{"line":4,"column":37}}]}},"code":["'use strict';","","module.exports = function isCancel(value) {","  return !!(value && value.__CANCEL__);","};",""],"l":{"3":1,"4":0}},"/home/travis/build/npmtest/node-npmtest-axios/node_modules/axios/lib/helpers/isAbsoluteURL.js":{"path":"/home/travis/build/npmtest/node-npmtest-axios/node_modules/axios/lib/helpers/isAbsoluteURL.js","s":{"1":1,"2":0},"b":{},"f":{"1":0},"fnMap":{"1":{"name":"isAbsoluteURL","line":9,"loc":{"start":{"line":9,"column":17},"end":{"line":9,"column":45}}}},"statementMap":{"1":{"start":{"line":9,"column":0},"end":{"line":14,"column":2}},"2":{"start":{"line":13,"column":2},"end":{"line":13,"column":51}}},"branchMap":{},"code":["'use strict';","","/**"," * Determines whether the specified URL is absolute"," *"," * @param {string} url The URL to test"," * @returns {boolean} True if the specified URL is absolute, otherwise false"," */","module.exports = function isAbsoluteURL(url) {","  // A URL is considered absolute if it begins with \"<scheme>://\" or \"//\" (protocol-relative URL).","  // RFC 3986 defines scheme name as a sequence of characters beginning with a letter and followed","  // by any combination of letters, digits, plus, period, or hyphen.","  return /^([a-z][a-z\\d\\+\\-\\.]*:)?\\/\\//i.test(url);","};",""],"l":{"9":1,"13":0}},"/home/travis/build/npmtest/node-npmtest-axios/node_modules/axios/lib/helpers/combineURLs.js":{"path":"/home/travis/build/npmtest/node-npmtest-axios/node_modules/axios/lib/helpers/combineURLs.js","s":{"1":1,"2":0},"b":{"1":[0,0]},"f":{"1":0},"fnMap":{"1":{"name":"combineURLs","line":10,"loc":{"start":{"line":10,"column":17},"end":{"line":10,"column":60}}}},"statementMap":{"1":{"start":{"line":10,"column":0},"end":{"line":14,"column":2}},"2":{"start":{"line":11,"column":2},"end":{"line":13,"column":14}}},"branchMap":{"1":{"line":11,"type":"cond-expr","locations":[{"start":{"line":12,"column":6},"end":{"line":12,"column":73}},{"start":{"line":13,"column":6},"end":{"line":13,"column":13}}]}},"code":["'use strict';","","/**"," * Creates a new URL by combining the specified URLs"," *"," * @param {string} baseURL The base URL"," * @param {string} relativeURL The relative URL"," * @returns {string} The combined URL"," */","module.exports = function combineURLs(baseURL, relativeURL) {","  return relativeURL","    ? baseURL.replace(/\\/+$/, '') + '/' + relativeURL.replace(/^\\/+/, '')","    : baseURL;","};",""],"l":{"10":1,"11":0}},"/home/travis/build/npmtest/node-npmtest-axios/node_modules/axios/lib/cancel/Cancel.js":{"path":"/home/travis/build/npmtest/node-npmtest-axios/node_modules/axios/lib/cancel/Cancel.js","s":{"1":1,"2":0,"3":1,"4":0,"5":1,"6":1},"b":{"1":[0,0]},"f":{"1":0,"2":0},"fnMap":{"1":{"name":"Cancel","line":9,"loc":{"start":{"line":9,"column":0},"end":{"line":9,"column":25}}},"2":{"name":"toString","line":13,"loc":{"start":{"line":13,"column":28},"end":{"line":13,"column":48}}}},"statementMap":{"1":{"start":{"line":9,"column":0},"end":{"line":11,"column":1}},"2":{"start":{"line":10,"column":2},"end":{"line":10,"column":25}},"3":{"start":{"line":13,"column":0},"end":{"line":15,"column":2}},"4":{"start":{"line":14,"column":2},"end":{"line":14,"column":62}},"5":{"start":{"line":17,"column":0},"end":{"line":17,"column":35}},"6":{"start":{"line":19,"column":0},"end":{"line":19,"column":24}}},"branchMap":{"1":{"line":14,"type":"cond-expr","locations":[{"start":{"line":14,"column":36},"end":{"line":14,"column":55}},{"start":{"line":14,"column":58},"end":{"line":14,"column":60}}]}},"code":["'use strict';","","/**"," * A `Cancel` is an object that is thrown when an operation is canceled."," *"," * @class"," * @param {string=} message The message."," */","function Cancel(message) {","  this.message = message;","}","","Cancel.prototype.toString = function toString() {","  return 'Cancel' + (this.message ? ': ' + this.message : '');","};","","Cancel.prototype.__CANCEL__ = true;","","module.exports = Cancel;",""],"l":{"9":1,"10":0,"13":1,"14":0,"17":1,"19":1}},"/home/travis/build/npmtest/node-npmtest-axios/node_modules/axios/lib/cancel/CancelToken.js":{"path":"/home/travis/build/npmtest/node-npmtest-axios/node_modules/axios/lib/cancel/CancelToken.js","s":{"1":1,"2":1,"3":0,"4":0,"5":0,"6":0,"7":0,"8":0,"9":0,"10":0,"11":0,"12":0,"13":0,"14":1,"15":0,"16":0,"17":1,"18":0,"19":0,"20":0,"21":0,"22":1},"b":{"1":[0,0],"2":[0,0],"3":[0,0]},"f":{"1":0,"2":0,"3":0,"4":0,"5":0,"6":0},"fnMap":{"1":{"name":"CancelToken","line":11,"loc":{"start":{"line":11,"column":0},"end":{"line":11,"column":31}}},"2":{"name":"promiseExecutor","line":17,"loc":{"start":{"line":17,"column":29},"end":{"line":17,"column":63}}},"3":{"name":"cancel","line":22,"loc":{"start":{"line":22,"column":11},"end":{"line":22,"column":36}}},"4":{"name":"throwIfRequested","line":36,"loc":{"start":{"line":36,"column":41},"end":{"line":36,"column":69}}},"5":{"name":"source","line":46,"loc":{"start":{"line":46,"column":21},"end":{"line":46,"column":39}}},"6":{"name":"executor","line":48,"loc":{"start":{"line":48,"column":30},"end":{"line":48,"column":51}}}},"statementMap":{"1":{"start":{"line":3,"column":0},"end":{"line":3,"column":33}},"2":{"start":{"line":11,"column":0},"end":{"line":31,"column":1}},"3":{"start":{"line":12,"column":2},"end":{"line":14,"column":3}},"4":{"start":{"line":13,"column":4},"end":{"line":13,"column":56}},"5":{"start":{"line":16,"column":2},"end":{"line":16,"column":21}},"6":{"start":{"line":17,"column":2},"end":{"line":19,"column":5}},"7":{"start":{"line":18,"column":4},"end":{"line":18,"column":29}},"8":{"start":{"line":21,"column":2},"end":{"line":21,"column":19}},"9":{"start":{"line":22,"column":2},"end":{"line":30,"column":5}},"10":{"start":{"line":23,"column":4},"end":{"line":26,"column":5}},"11":{"start":{"line":25,"column":6},"end":{"line":25,"column":13}},"12":{"start":{"line":28,"column":4},"end":{"line":28,"column":39}},"13":{"start":{"line":29,"column":4},"end":{"line":29,"column":33}},"14":{"start":{"line":36,"column":0},"end":{"line":40,"column":2}},"15":{"start":{"line":37,"column":2},"end":{"line":39,"column":3}},"16":{"start":{"line":38,"column":4},"end":{"line":38,"column":22}},"17":{"start":{"line":46,"column":0},"end":{"line":55,"column":2}},"18":{"start":{"line":47,"column":2},"end":{"line":47,"column":13}},"19":{"start":{"line":48,"column":2},"end":{"line":50,"column":5}},"20":{"start":{"line":49,"column":4},"end":{"line":49,"column":15}},"21":{"start":{"line":51,"column":2},"end":{"line":54,"column":4}},"22":{"start":{"line":57,"column":0},"end":{"line":57,"column":29}}},"branchMap":{"1":{"line":12,"type":"if","locations":[{"start":{"line":12,"column":2},"end":{"line":12,"column":2}},{"start":{"line":12,"column":2},"end":{"line":12,"column":2}}]},"2":{"line":23,"type":"if","locations":[{"start":{"line":23,"column":4},"end":{"line":23,"column":4}},{"start":{"line":23,"column":4},"end":{"line":23,"column":4}}]},"3":{"line":37,"type":"if","locations":[{"start":{"line":37,"column":2},"end":{"line":37,"column":2}},{"start":{"line":37,"column":2},"end":{"line":37,"column":2}}]}},"code":["'use strict';","","var Cancel = require('./Cancel');","","/**"," * A `CancelToken` is an object that can be used to request cancellation of an operation."," *"," * @class"," * @param {Function} executor The executor function."," */","function CancelToken(executor) {","  if (typeof executor !== 'function') {","    throw new TypeError('executor must be a function.');","  }","","  var resolvePromise;","  this.promise = new Promise(function promiseExecutor(resolve) {","    resolvePromise = resolve;","  });","","  var token = this;","  executor(function cancel(message) {","    if (token.reason) {","      // Cancellation has already been requested","      return;","    }","","    token.reason = new Cancel(message);","    resolvePromise(token.reason);","  });","}","","/**"," * Throws a `Cancel` if cancellation has been requested."," */","CancelToken.prototype.throwIfRequested = function throwIfRequested() {","  if (this.reason) {","    throw this.reason;","  }","};","","/**"," * Returns an object that contains a new `CancelToken` and a function that, when called,"," * cancels the `CancelToken`."," */","CancelToken.source = function source() {","  var cancel;","  var token = new CancelToken(function executor(c) {","    cancel = c;","  });","  return {","    token: token,","    cancel: cancel","  };","};","","module.exports = CancelToken;",""],"l":{"3":1,"11":1,"12":0,"13":0,"16":0,"17":0,"18":0,"21":0,"22":0,"23":0,"25":0,"28":0,"29":0,"36":1,"37":0,"38":0,"46":1,"47":0,"48":0,"49":0,"51":0,"57":1}},"/home/travis/build/npmtest/node-npmtest-axios/node_modules/axios/lib/helpers/spread.js":{"path":"/home/travis/build/npmtest/node-npmtest-axios/node_modules/axios/lib/helpers/spread.js","s":{"1":1,"2":0,"3":0},"b":{},"f":{"1":0,"2":0},"fnMap":{"1":{"name":"spread","line":23,"loc":{"start":{"line":23,"column":17},"end":{"line":23,"column":43}}},"2":{"name":"wrap","line":24,"loc":{"start":{"line":24,"column":9},"end":{"line":24,"column":28}}}},"statementMap":{"1":{"start":{"line":23,"column":0},"end":{"line":27,"column":2}},"2":{"start":{"line":24,"column":2},"end":{"line":26,"column":4}},"3":{"start":{"line":25,"column":4},"end":{"line":25,"column":37}}},"branchMap":{},"code":["'use strict';","","/**"," * Syntactic sugar for invoking a function and expanding an array for arguments."," *"," * Common use case would be to use `Function.prototype.apply`."," *"," *  ```js"," *  function f(x, y, z) {}"," *  var args = [1, 2, 3];"," *  f.apply(null, args);"," *  ```"," *"," * With `spread` this example can be re-written."," *"," *  ```js"," *  spread(function(x, y, z) {})([1, 2, 3]);"," *  ```"," *"," * @param {Function} callback"," * @returns {Function}"," */","module.exports = function spread(callback) {","  return function wrap(arr) {","    return callback.apply(null, arr);","  };","};",""],"l":{"23":1,"24":0,"25":0}}}